<?xml version="1.0" encoding="UTF-8"?>
<!-- Generated by org.testng.reporters.JUnitXMLReporter -->
<testsuite hostname="Admin-PC" name="StandardGroupTestCases" tests="28" failures="20" timestamp="23 Sep 2016 12:21:17 GMT" time="849.685" errors="0">
  <testcase name="Kodiak_CAT_LaunchingUsingFANId" time="111.686" classname="com.kodiak.qa.testsuites.StandardGroupTestCases"/>
  <testcase name="validatingStandardGroupsInManageGroupsFilter" time="21.471" classname="com.kodiak.qa.testsuites.StandardGroupTestCases"/>
  <testcase name="validatingCreationOfStandardGroupWithoutName" time="64.478" classname="com.kodiak.qa.testsuites.StandardGroupTestCases">
    <failure type="org.openqa.selenium.NoSuchElementException" message="Unable to locate element: {&amp;quot;method&amp;quot;:&amp;quot;xpath&amp;quot;,&amp;quot;selector&amp;quot;:&amp;quot;.//*[@id=&amp;apos;message-model-window&amp;apos;]/div[2]&amp;quot;}
Command duration or timeout: 31 milliseconds
For documentation on this error, please visit: http://seleniumhq.org/exceptions/no_such_element.html
Build info: version: &amp;apos;2.47.1&amp;apos;, revision: &amp;apos;411b314&amp;apos;, time: &amp;apos;2015-07-30 02:56:46&amp;apos;
System info: host: &amp;apos;Admin-PC&amp;apos;, ip: &amp;apos;192.168.2.17&amp;apos;, os.name: &amp;apos;Windows 7&amp;apos;, os.arch: &amp;apos;amd64&amp;apos;, os.version: &amp;apos;6.1&amp;apos;, java.version: &amp;apos;1.8.0_45&amp;apos;
Driver info: org.openqa.selenium.firefox.FirefoxDriver
Capabilities [{applicationCacheEnabled=true, rotatable=false, handlesAlerts=true, databaseEnabled=true, version=41.0, platform=WINDOWS, nativeEvents=false, acceptSslCerts=true, webStorageEnabled=true, locationContextEnabled=true, browserName=firefox, takesScreenshot=true, javascriptEnabled=true, cssSelectorsEnabled=true}]
Session ID: d849cfb6-f325-4307-b470-b46651a7751b
*** Element info: {Using=xpath, value=.//*[@id=&amp;apos;message-model-window&amp;apos;]/div[2]}">
      <![CDATA[org.openqa.selenium.NoSuchElementException: Unable to locate element: {"method":"xpath","selector":".//*[@id='message-model-window']/div[2]"}
Command duration or timeout: 31 milliseconds
For documentation on this error, please visit: http://seleniumhq.org/exceptions/no_such_element.html
Build info: version: '2.47.1', revision: '411b314', time: '2015-07-30 02:56:46'
System info: host: 'Admin-PC', ip: '192.168.2.17', os.name: 'Windows 7', os.arch: 'amd64', os.version: '6.1', java.version: '1.8.0_45'
Driver info: org.openqa.selenium.firefox.FirefoxDriver
Capabilities [{applicationCacheEnabled=true, rotatable=false, handlesAlerts=true, databaseEnabled=true, version=41.0, platform=WINDOWS, nativeEvents=false, acceptSslCerts=true, webStorageEnabled=true, locationContextEnabled=true, browserName=firefox, takesScreenshot=true, javascriptEnabled=true, cssSelectorsEnabled=true}]
Session ID: d849cfb6-f325-4307-b470-b46651a7751b
*** Element info: {Using=xpath, value=.//*[@id='message-model-window']/div[2]}
	at org.openqa.selenium.remote.ErrorHandler.createThrowable(ErrorHandler.java:206)
	at org.openqa.selenium.remote.ErrorHandler.throwIfResponseFailed(ErrorHandler.java:158)
	at org.openqa.selenium.remote.RemoteWebDriver.execute(RemoteWebDriver.java:595)
	at org.openqa.selenium.remote.RemoteWebDriver.findElement(RemoteWebDriver.java:348)
	at org.openqa.selenium.remote.RemoteWebDriver.findElementByXPath(RemoteWebDriver.java:445)
	at org.openqa.selenium.By$ByXPath.findElement(By.java:358)
	at org.openqa.selenium.remote.RemoteWebDriver.findElement(RemoteWebDriver.java:340)
	at com.kodiak.qa.common.WebDriverWrappers.getText(WebDriverWrappers.java:160)
	at com.kodiak.qa.test.kodiak.methods.CATCommonMethods.verifyCreationOfStandardGroupWithoutName(CATCommonMethods.java:17264)
	at com.kodiak.qa.testsuites.StandardGroupTestCases.validatingCreationOfStandardGroupWithoutName(StandardGroupTestCases.java:70)
Caused by: org.openqa.selenium.NoSuchElementException: Unable to locate element: {"method":"xpath","selector":".//*[@id='message-model-window']/div[2]"}
For documentation on this error, please visit: http://seleniumhq.org/exceptions/no_such_element.html
Build info: version: '2.47.1', revision: '411b314', time: '2015-07-30 02:56:46'
System info: host: 'Admin-PC', ip: '192.168.2.17', os.name: 'Windows 7', os.arch: 'amd64', os.version: '6.1', java.version: '1.8.0_45'
Driver info: driver.version: unknown
	at <anonymous class>.FirefoxDriver.prototype.findElementInternal_(file:///C:/Users/Admin/AppData/Local/Temp/anonymous1738828244098125845webdriver-profile/extensions/fxdriver@googlecode.com/components/driver-component.js:10667)
	at <anonymous class>.FirefoxDriver.prototype.findElement(file:///C:/Users/Admin/AppData/Local/Temp/anonymous1738828244098125845webdriver-profile/extensions/fxdriver@googlecode.com/components/driver-component.js:10676)
	at <anonymous class>.DelayedCommand.prototype.executeInternal_/h(file:///C:/Users/Admin/AppData/Local/Temp/anonymous1738828244098125845webdriver-profile/extensions/fxdriver@googlecode.com/components/command-processor.js:12643)
	at <anonymous class>.DelayedCommand.prototype.executeInternal_(file:///C:/Users/Admin/AppData/Local/Temp/anonymous1738828244098125845webdriver-profile/extensions/fxdriver@googlecode.com/components/command-processor.js:12648)
	at <anonymous class>.DelayedCommand.prototype.execute/<(file:///C:/Users/Admin/AppData/Local/Temp/anonymous1738828244098125845webdriver-profile/extensions/fxdriver@googlecode.com/components/command-processor.js:12590)
... Removed 27 stack frames]]>
    </failure>
  </testcase> <!-- validatingCreationOfStandardGroupWithoutName -->
  <testcase name="validatingCreationOfStandardGroupWithOneMember" time="13.433" classname="com.kodiak.qa.testsuites.StandardGroupTestCases">
    <failure type="java.lang.AssertionError" message="Failed to validate Creation of Standard Group expected [true] but found [false]">
      <![CDATA[java.lang.AssertionError: Failed to validate Creation of Standard Group expected [true] but found [false]
	at com.kodiak.qa.testsuites.StandardGroupTestCases.validatingCreationOfStandardGroupWithOneMember(StandardGroupTestCases.java:80)
... Removed 27 stack frames]]>
    </failure>
  </testcase> <!-- validatingCreationOfStandardGroupWithOneMember -->
  <testcase name="verifyCreationOfStandardGroupWithLMRGroupAndInterOpClient" time="42.295" classname="com.kodiak.qa.testsuites.StandardGroupTestCases">
    <failure type="java.lang.AssertionError" message="Failed to validate Creation for Standard Group with &amp;apos;LMR Group&amp;apos; and &amp;apos;Inter-Op Client&amp;apos; expected [true] but found [false]">
      <![CDATA[java.lang.AssertionError: Failed to validate Creation for Standard Group with 'LMR Group' and 'Inter-Op Client' expected [true] but found [false]
	at com.kodiak.qa.testsuites.StandardGroupTestCases.verifyCreationOfStandardGroupWithLMRGroupAndInterOpClient(StandardGroupTestCases.java:90)
... Removed 27 stack frames]]>
    </failure>
  </testcase> <!-- verifyCreationOfStandardGroupWithLMRGroupAndInterOpClient -->
  <testcase name="validatingCreationOfStandardGroup" time="14.327" classname="com.kodiak.qa.testsuites.StandardGroupTestCases">
    <failure type="java.lang.AssertionError" message="Failed to validate Creation of Standard Group expected [true] but found [false]">
      <![CDATA[java.lang.AssertionError: Failed to validate Creation of Standard Group expected [true] but found [false]
	at com.kodiak.qa.testsuites.StandardGroupTestCases.validatingCreationOfStandardGroup(StandardGroupTestCases.java:100)
... Removed 27 stack frames]]>
    </failure>
  </testcase> <!-- validatingCreationOfStandardGroup -->
  <testcase name="verifyErrorMessageOnCreatingStandardGroupWithDuplicateName" time="81.277" classname="com.kodiak.qa.testsuites.StandardGroupTestCases">
    <failure type="org.openqa.selenium.NoSuchElementException" message="Unable to locate element: {&amp;quot;method&amp;quot;:&amp;quot;xpath&amp;quot;,&amp;quot;selector&amp;quot;:&amp;quot;.//*[@id=&amp;apos;message-model-window&amp;apos;]/div[2]&amp;quot;}
Command duration or timeout: 43 milliseconds
For documentation on this error, please visit: http://seleniumhq.org/exceptions/no_such_element.html
Build info: version: &amp;apos;2.47.1&amp;apos;, revision: &amp;apos;411b314&amp;apos;, time: &amp;apos;2015-07-30 02:56:46&amp;apos;
System info: host: &amp;apos;Admin-PC&amp;apos;, ip: &amp;apos;192.168.2.17&amp;apos;, os.name: &amp;apos;Windows 7&amp;apos;, os.arch: &amp;apos;amd64&amp;apos;, os.version: &amp;apos;6.1&amp;apos;, java.version: &amp;apos;1.8.0_45&amp;apos;
Driver info: org.openqa.selenium.firefox.FirefoxDriver
Capabilities [{applicationCacheEnabled=true, rotatable=false, handlesAlerts=true, databaseEnabled=true, version=41.0, platform=WINDOWS, nativeEvents=false, acceptSslCerts=true, webStorageEnabled=true, locationContextEnabled=true, browserName=firefox, takesScreenshot=true, javascriptEnabled=true, cssSelectorsEnabled=true}]
Session ID: d849cfb6-f325-4307-b470-b46651a7751b
*** Element info: {Using=xpath, value=.//*[@id=&amp;apos;message-model-window&amp;apos;]/div[2]}">
      <![CDATA[org.openqa.selenium.NoSuchElementException: Unable to locate element: {"method":"xpath","selector":".//*[@id='message-model-window']/div[2]"}
Command duration or timeout: 43 milliseconds
For documentation on this error, please visit: http://seleniumhq.org/exceptions/no_such_element.html
Build info: version: '2.47.1', revision: '411b314', time: '2015-07-30 02:56:46'
System info: host: 'Admin-PC', ip: '192.168.2.17', os.name: 'Windows 7', os.arch: 'amd64', os.version: '6.1', java.version: '1.8.0_45'
Driver info: org.openqa.selenium.firefox.FirefoxDriver
Capabilities [{applicationCacheEnabled=true, rotatable=false, handlesAlerts=true, databaseEnabled=true, version=41.0, platform=WINDOWS, nativeEvents=false, acceptSslCerts=true, webStorageEnabled=true, locationContextEnabled=true, browserName=firefox, takesScreenshot=true, javascriptEnabled=true, cssSelectorsEnabled=true}]
Session ID: d849cfb6-f325-4307-b470-b46651a7751b
*** Element info: {Using=xpath, value=.//*[@id='message-model-window']/div[2]}
	at org.openqa.selenium.remote.ErrorHandler.createThrowable(ErrorHandler.java:206)
	at org.openqa.selenium.remote.ErrorHandler.throwIfResponseFailed(ErrorHandler.java:158)
	at org.openqa.selenium.remote.RemoteWebDriver.execute(RemoteWebDriver.java:595)
	at org.openqa.selenium.remote.RemoteWebDriver.findElement(RemoteWebDriver.java:348)
	at org.openqa.selenium.remote.RemoteWebDriver.findElementByXPath(RemoteWebDriver.java:445)
	at org.openqa.selenium.By$ByXPath.findElement(By.java:358)
	at org.openqa.selenium.remote.RemoteWebDriver.findElement(RemoteWebDriver.java:340)
	at com.kodiak.qa.common.WebDriverWrappers.getText(WebDriverWrappers.java:160)
	at com.kodiak.qa.test.kodiak.methods.CATCommonMethods.verifyErrorMessageOnCreatingStandardGroupWithDuplicateName(CATCommonMethods.java:17546)
	at com.kodiak.qa.testsuites.StandardGroupTestCases.verifyErrorMessageOnCreatingStandardGroupWithDuplicateName(StandardGroupTestCases.java:110)
Caused by: org.openqa.selenium.NoSuchElementException: Unable to locate element: {"method":"xpath","selector":".//*[@id='message-model-window']/div[2]"}
For documentation on this error, please visit: http://seleniumhq.org/exceptions/no_such_element.html
Build info: version: '2.47.1', revision: '411b314', time: '2015-07-30 02:56:46'
System info: host: 'Admin-PC', ip: '192.168.2.17', os.name: 'Windows 7', os.arch: 'amd64', os.version: '6.1', java.version: '1.8.0_45'
Driver info: driver.version: unknown
	at <anonymous class>.FirefoxDriver.prototype.findElementInternal_(file:///C:/Users/Admin/AppData/Local/Temp/anonymous1738828244098125845webdriver-profile/extensions/fxdriver@googlecode.com/components/driver-component.js:10667)
	at <anonymous class>.FirefoxDriver.prototype.findElement(file:///C:/Users/Admin/AppData/Local/Temp/anonymous1738828244098125845webdriver-profile/extensions/fxdriver@googlecode.com/components/driver-component.js:10676)
	at <anonymous class>.DelayedCommand.prototype.executeInternal_/h(file:///C:/Users/Admin/AppData/Local/Temp/anonymous1738828244098125845webdriver-profile/extensions/fxdriver@googlecode.com/components/command-processor.js:12643)
	at <anonymous class>.DelayedCommand.prototype.executeInternal_(file:///C:/Users/Admin/AppData/Local/Temp/anonymous1738828244098125845webdriver-profile/extensions/fxdriver@googlecode.com/components/command-processor.js:12648)
	at <anonymous class>.DelayedCommand.prototype.execute/<(file:///C:/Users/Admin/AppData/Local/Temp/anonymous1738828244098125845webdriver-profile/extensions/fxdriver@googlecode.com/components/command-processor.js:12590)
... Removed 27 stack frames]]>
    </failure>
  </testcase> <!-- verifyErrorMessageOnCreatingStandardGroupWithDuplicateName -->
  <testcase name="validatingGroupTypeAndReadableModeForTheExistingStandardGroup" time="13.407" classname="com.kodiak.qa.testsuites.StandardGroupTestCases"/>
  <testcase name="validatingTotalGroupMemberCount" time="13.523" classname="com.kodiak.qa.testsuites.StandardGroupTestCases">
    <failure type="java.lang.AssertionError" message="Failed to validate Total group member Count expected [true] but found [false]">
      <![CDATA[java.lang.AssertionError: Failed to validate Total group member Count expected [true] but found [false]
	at com.kodiak.qa.testsuites.StandardGroupTestCases.validatingTotalGroupMemberCount(StandardGroupTestCases.java:129)
... Removed 27 stack frames]]>
    </failure>
  </testcase> <!-- validatingTotalGroupMemberCount -->
  <testcase name="verifyViewAllMembersCountForGroup" time="18.617" classname="com.kodiak.qa.testsuites.StandardGroupTestCases">
    <failure type="java.lang.AssertionError" message="Failed to validate View All Members Count for the Group expected [true] but found [false]">
      <![CDATA[java.lang.AssertionError: Failed to validate View All Members Count for the Group expected [true] but found [false]
	at com.kodiak.qa.testsuites.StandardGroupTestCases.verifyViewAllMembersCountForGroup(StandardGroupTestCases.java:138)
... Removed 27 stack frames]]>
    </failure>
  </testcase> <!-- verifyViewAllMembersCountForGroup -->
  <testcase name="validatingSaveButtonForExistingStandardGroup" time="8.07" classname="com.kodiak.qa.testsuites.StandardGroupTestCases"/>
  <testcase name="validatingErrorMessageForExistingStandardGroupModifiedAndCreatedWithOneMember" time="5.221" classname="com.kodiak.qa.testsuites.StandardGroupTestCases">
    <failure type="org.openqa.selenium.InvalidElementStateException" message="Element is disabled and so may not be used for actions
Command duration or timeout: 10 milliseconds
Build info: version: &amp;apos;2.47.1&amp;apos;, revision: &amp;apos;411b314&amp;apos;, time: &amp;apos;2015-07-30 02:56:46&amp;apos;
System info: host: &amp;apos;Admin-PC&amp;apos;, ip: &amp;apos;192.168.2.17&amp;apos;, os.name: &amp;apos;Windows 7&amp;apos;, os.arch: &amp;apos;amd64&amp;apos;, os.version: &amp;apos;6.1&amp;apos;, java.version: &amp;apos;1.8.0_45&amp;apos;
Driver info: org.openqa.selenium.firefox.FirefoxDriver
Capabilities [{applicationCacheEnabled=true, rotatable=false, handlesAlerts=true, databaseEnabled=true, version=41.0, platform=WINDOWS, nativeEvents=false, acceptSslCerts=true, webStorageEnabled=true, locationContextEnabled=true, browserName=firefox, takesScreenshot=true, javascriptEnabled=true, cssSelectorsEnabled=true}]
Session ID: d849cfb6-f325-4307-b470-b46651a7751b">
      <![CDATA[org.openqa.selenium.InvalidElementStateException: Element is disabled and so may not be used for actions
Command duration or timeout: 10 milliseconds
Build info: version: '2.47.1', revision: '411b314', time: '2015-07-30 02:56:46'
System info: host: 'Admin-PC', ip: '192.168.2.17', os.name: 'Windows 7', os.arch: 'amd64', os.version: '6.1', java.version: '1.8.0_45'
Driver info: org.openqa.selenium.firefox.FirefoxDriver
Capabilities [{applicationCacheEnabled=true, rotatable=false, handlesAlerts=true, databaseEnabled=true, version=41.0, platform=WINDOWS, nativeEvents=false, acceptSslCerts=true, webStorageEnabled=true, locationContextEnabled=true, browserName=firefox, takesScreenshot=true, javascriptEnabled=true, cssSelectorsEnabled=true}]
Session ID: d849cfb6-f325-4307-b470-b46651a7751b
	at org.openqa.selenium.remote.ErrorHandler.createThrowable(ErrorHandler.java:206)
	at org.openqa.selenium.remote.ErrorHandler.throwIfResponseFailed(ErrorHandler.java:158)
	at org.openqa.selenium.remote.RemoteWebDriver.execute(RemoteWebDriver.java:595)
	at org.openqa.selenium.remote.RemoteWebElement.execute(RemoteWebElement.java:273)
	at org.openqa.selenium.remote.RemoteWebElement.clear(RemoteWebElement.java:118)
	at com.kodiak.qa.common.WebDriverWrappers.type(WebDriverWrappers.java:136)
	at com.kodiak.qa.test.kodiak.methods.CATCommonMethods.verifyErrorMessageForExistingStandardGroupModifiedAndCreatedWithOneMember(CATCommonMethods.java:17689)
	at com.kodiak.qa.testsuites.StandardGroupTestCases.validatingErrorMessageForExistingStandardGroupModifiedAndCreatedWithOneMember(StandardGroupTestCases.java:156)
Caused by: org.openqa.selenium.InvalidElementStateException: Element is disabled and so may not be used for actions
Build info: version: '2.47.1', revision: '411b314', time: '2015-07-30 02:56:46'
System info: host: 'Admin-PC', ip: '192.168.2.17', os.name: 'Windows 7', os.arch: 'amd64', os.version: '6.1', java.version: '1.8.0_45'
Driver info: driver.version: unknown
	at <anonymous class>.fxdriver.preconditions.enabled(file:///C:/Users/Admin/AppData/Local/Temp/anonymous1738828244098125845webdriver-profile/extensions/fxdriver@googlecode.com/components/command-processor.js:9988)
	at <anonymous class>.DelayedCommand.prototype.checkPreconditions_(file:///C:/Users/Admin/AppData/Local/Temp/anonymous1738828244098125845webdriver-profile/extensions/fxdriver@googlecode.com/components/command-processor.js:12626)
	at <anonymous class>.DelayedCommand.prototype.executeInternal_/h(file:///C:/Users/Admin/AppData/Local/Temp/anonymous1738828244098125845webdriver-profile/extensions/fxdriver@googlecode.com/components/command-processor.js:12643)
	at <anonymous class>.DelayedCommand.prototype.executeInternal_(file:///C:/Users/Admin/AppData/Local/Temp/anonymous1738828244098125845webdriver-profile/extensions/fxdriver@googlecode.com/components/command-processor.js:12648)
	at <anonymous class>.DelayedCommand.prototype.execute/<(file:///C:/Users/Admin/AppData/Local/Temp/anonymous1738828244098125845webdriver-profile/extensions/fxdriver@googlecode.com/components/command-processor.js:12590)
... Removed 28 stack frames]]>
    </failure>
  </testcase> <!-- validatingErrorMessageForExistingStandardGroupModifiedAndCreatedWithOneMember -->
  <testcase name="validatingLMRGroupInPickIndividualGroupMemberPopupIfOneHasBeenAlreadyAssigned" time="8.634" classname="com.kodiak.qa.testsuites.StandardGroupTestCases"/>
  <testcase name="validatingErrorMessageOnCreationOfStandardGroupWithMoreThanMaxLimit" time="42.744" classname="com.kodiak.qa.testsuites.StandardGroupTestCases">
    <failure type="org.openqa.selenium.ElementNotVisibleException" message="Element is not currently visible and so may not be interacted with
Command duration or timeout: 12 milliseconds
Build info: version: &amp;apos;2.47.1&amp;apos;, revision: &amp;apos;411b314&amp;apos;, time: &amp;apos;2015-07-30 02:56:46&amp;apos;
System info: host: &amp;apos;Admin-PC&amp;apos;, ip: &amp;apos;192.168.2.17&amp;apos;, os.name: &amp;apos;Windows 7&amp;apos;, os.arch: &amp;apos;amd64&amp;apos;, os.version: &amp;apos;6.1&amp;apos;, java.version: &amp;apos;1.8.0_45&amp;apos;
Driver info: org.openqa.selenium.firefox.FirefoxDriver
Capabilities [{applicationCacheEnabled=true, rotatable=false, handlesAlerts=true, databaseEnabled=true, version=41.0, platform=WINDOWS, nativeEvents=false, acceptSslCerts=true, webStorageEnabled=true, locationContextEnabled=true, browserName=firefox, takesScreenshot=true, javascriptEnabled=true, cssSelectorsEnabled=true}]
Session ID: d849cfb6-f325-4307-b470-b46651a7751b">
      <![CDATA[org.openqa.selenium.ElementNotVisibleException: Element is not currently visible and so may not be interacted with
Command duration or timeout: 12 milliseconds
Build info: version: '2.47.1', revision: '411b314', time: '2015-07-30 02:56:46'
System info: host: 'Admin-PC', ip: '192.168.2.17', os.name: 'Windows 7', os.arch: 'amd64', os.version: '6.1', java.version: '1.8.0_45'
Driver info: org.openqa.selenium.firefox.FirefoxDriver
Capabilities [{applicationCacheEnabled=true, rotatable=false, handlesAlerts=true, databaseEnabled=true, version=41.0, platform=WINDOWS, nativeEvents=false, acceptSslCerts=true, webStorageEnabled=true, locationContextEnabled=true, browserName=firefox, takesScreenshot=true, javascriptEnabled=true, cssSelectorsEnabled=true}]
Session ID: d849cfb6-f325-4307-b470-b46651a7751b
	at org.openqa.selenium.remote.ErrorHandler.createThrowable(ErrorHandler.java:206)
	at org.openqa.selenium.remote.ErrorHandler.throwIfResponseFailed(ErrorHandler.java:158)
	at org.openqa.selenium.remote.RemoteWebDriver.execute(RemoteWebDriver.java:595)
	at org.openqa.selenium.remote.RemoteWebElement.execute(RemoteWebElement.java:273)
	at org.openqa.selenium.remote.RemoteWebElement.click(RemoteWebElement.java:84)
	at com.kodiak.qa.common.WebDriverWrappers.click(WebDriverWrappers.java:36)
	at com.kodiak.qa.test.kodiak.methods.CATCommonMethods.verifyErrorMessageOnCreationOfStandardGroupWithMoreThanMaxLimit(CATCommonMethods.java:17810)
	at com.kodiak.qa.testsuites.StandardGroupTestCases.validatingErrorMessageOnCreationOfStandardGroupWithMoreThanMaxLimit(StandardGroupTestCases.java:175)
Caused by: org.openqa.selenium.ElementNotVisibleException: Element is not currently visible and so may not be interacted with
Build info: version: '2.47.1', revision: '411b314', time: '2015-07-30 02:56:46'
System info: host: 'Admin-PC', ip: '192.168.2.17', os.name: 'Windows 7', os.arch: 'amd64', os.version: '6.1', java.version: '1.8.0_45'
Driver info: driver.version: unknown
	at <anonymous class>.fxdriver.preconditions.visible(file:///C:/Users/Admin/AppData/Local/Temp/anonymous1738828244098125845webdriver-profile/extensions/fxdriver@googlecode.com/components/command-processor.js:9982)
	at <anonymous class>.DelayedCommand.prototype.checkPreconditions_(file:///C:/Users/Admin/AppData/Local/Temp/anonymous1738828244098125845webdriver-profile/extensions/fxdriver@googlecode.com/components/command-processor.js:12626)
	at <anonymous class>.DelayedCommand.prototype.executeInternal_/h(file:///C:/Users/Admin/AppData/Local/Temp/anonymous1738828244098125845webdriver-profile/extensions/fxdriver@googlecode.com/components/command-processor.js:12643)
	at <anonymous class>.DelayedCommand.prototype.executeInternal_(file:///C:/Users/Admin/AppData/Local/Temp/anonymous1738828244098125845webdriver-profile/extensions/fxdriver@googlecode.com/components/command-processor.js:12648)
	at <anonymous class>.DelayedCommand.prototype.execute/<(file:///C:/Users/Admin/AppData/Local/Temp/anonymous1738828244098125845webdriver-profile/extensions/fxdriver@googlecode.com/components/command-processor.js:12590)
... Removed 28 stack frames]]>
    </failure>
  </testcase> <!-- validatingErrorMessageOnCreationOfStandardGroupWithMoreThanMaxLimit -->
  <testcase name="validatingDeletionOfExistingStandardGroup" time="10.527" classname="com.kodiak.qa.testsuites.StandardGroupTestCases">
    <failure type="org.openqa.selenium.ElementNotVisibleException" message="Element is not currently visible and so may not be interacted with
Command duration or timeout: 8 milliseconds
Build info: version: &amp;apos;2.47.1&amp;apos;, revision: &amp;apos;411b314&amp;apos;, time: &amp;apos;2015-07-30 02:56:46&amp;apos;
System info: host: &amp;apos;Admin-PC&amp;apos;, ip: &amp;apos;192.168.2.17&amp;apos;, os.name: &amp;apos;Windows 7&amp;apos;, os.arch: &amp;apos;amd64&amp;apos;, os.version: &amp;apos;6.1&amp;apos;, java.version: &amp;apos;1.8.0_45&amp;apos;
Driver info: org.openqa.selenium.firefox.FirefoxDriver
Capabilities [{applicationCacheEnabled=true, rotatable=false, handlesAlerts=true, databaseEnabled=true, version=41.0, platform=WINDOWS, nativeEvents=false, acceptSslCerts=true, webStorageEnabled=true, locationContextEnabled=true, browserName=firefox, takesScreenshot=true, javascriptEnabled=true, cssSelectorsEnabled=true}]
Session ID: d849cfb6-f325-4307-b470-b46651a7751b">
      <![CDATA[org.openqa.selenium.ElementNotVisibleException: Element is not currently visible and so may not be interacted with
Command duration or timeout: 8 milliseconds
Build info: version: '2.47.1', revision: '411b314', time: '2015-07-30 02:56:46'
System info: host: 'Admin-PC', ip: '192.168.2.17', os.name: 'Windows 7', os.arch: 'amd64', os.version: '6.1', java.version: '1.8.0_45'
Driver info: org.openqa.selenium.firefox.FirefoxDriver
Capabilities [{applicationCacheEnabled=true, rotatable=false, handlesAlerts=true, databaseEnabled=true, version=41.0, platform=WINDOWS, nativeEvents=false, acceptSslCerts=true, webStorageEnabled=true, locationContextEnabled=true, browserName=firefox, takesScreenshot=true, javascriptEnabled=true, cssSelectorsEnabled=true}]
Session ID: d849cfb6-f325-4307-b470-b46651a7751b
	at org.openqa.selenium.remote.ErrorHandler.createThrowable(ErrorHandler.java:206)
	at org.openqa.selenium.remote.ErrorHandler.throwIfResponseFailed(ErrorHandler.java:158)
	at org.openqa.selenium.remote.RemoteWebDriver.execute(RemoteWebDriver.java:595)
	at org.openqa.selenium.remote.RemoteWebElement.execute(RemoteWebElement.java:273)
	at org.openqa.selenium.remote.RemoteWebElement.click(RemoteWebElement.java:84)
	at com.kodiak.qa.common.WebDriverWrappers.click(WebDriverWrappers.java:36)
	at com.kodiak.qa.test.kodiak.methods.CATCommonMethods.verifyDeletionOfExistingStandardGroup(CATCommonMethods.java:17868)
	at com.kodiak.qa.testsuites.StandardGroupTestCases.validatingDeletionOfExistingStandardGroup(StandardGroupTestCases.java:183)
Caused by: org.openqa.selenium.ElementNotVisibleException: Element is not currently visible and so may not be interacted with
Build info: version: '2.47.1', revision: '411b314', time: '2015-07-30 02:56:46'
System info: host: 'Admin-PC', ip: '192.168.2.17', os.name: 'Windows 7', os.arch: 'amd64', os.version: '6.1', java.version: '1.8.0_45'
Driver info: driver.version: unknown
	at <anonymous class>.fxdriver.preconditions.visible(file:///C:/Users/Admin/AppData/Local/Temp/anonymous1738828244098125845webdriver-profile/extensions/fxdriver@googlecode.com/components/command-processor.js:9982)
	at <anonymous class>.DelayedCommand.prototype.checkPreconditions_(file:///C:/Users/Admin/AppData/Local/Temp/anonymous1738828244098125845webdriver-profile/extensions/fxdriver@googlecode.com/components/command-processor.js:12626)
	at <anonymous class>.DelayedCommand.prototype.executeInternal_/h(file:///C:/Users/Admin/AppData/Local/Temp/anonymous1738828244098125845webdriver-profile/extensions/fxdriver@googlecode.com/components/command-processor.js:12643)
	at <anonymous class>.DelayedCommand.prototype.executeInternal_(file:///C:/Users/Admin/AppData/Local/Temp/anonymous1738828244098125845webdriver-profile/extensions/fxdriver@googlecode.com/components/command-processor.js:12648)
	at <anonymous class>.DelayedCommand.prototype.execute/<(file:///C:/Users/Admin/AppData/Local/Temp/anonymous1738828244098125845webdriver-profile/extensions/fxdriver@googlecode.com/components/command-processor.js:12590)
... Removed 28 stack frames]]>
    </failure>
  </testcase> <!-- validatingDeletionOfExistingStandardGroup -->
  <testcase name="validatingLMRSubscriberInAddContactsPopup" time="26.02" classname="com.kodiak.qa.testsuites.StandardGroupTestCases"/>
  <testcase name="validatingDispatcherInAddContactsPopup" time="0.331" classname="com.kodiak.qa.testsuites.StandardGroupTestCases"/>
  <testcase name="validatingStandardGroupOnlyWithExternalContacts" time="10.477" classname="com.kodiak.qa.testsuites.StandardGroupTestCases">
    <failure type="java.lang.AssertionError" message="Failed to validate Standard Group Only With External Contacts  expected [true] but found [false]">
      <![CDATA[java.lang.AssertionError: Failed to validate Standard Group Only With External Contacts  expected [true] but found [false]
	at com.kodiak.qa.testsuites.StandardGroupTestCases.validatingStandardGroupOnlyWithExternalContacts(StandardGroupTestCases.java:212)
... Removed 27 stack frames]]>
    </failure>
  </testcase> <!-- validatingStandardGroupOnlyWithExternalContacts -->
  <testcase name="validatingStandardGroupOnlyWithInterOpRadios" time="36.054" classname="com.kodiak.qa.testsuites.StandardGroupTestCases">
    <failure type="java.lang.AssertionError" message="Failed to validate Standard Group Only With Inter Op Radios  expected [true] but found [false]">
      <![CDATA[java.lang.AssertionError: Failed to validate Standard Group Only With Inter Op Radios  expected [true] but found [false]
	at com.kodiak.qa.testsuites.StandardGroupTestCases.validatingStandardGroupOnlyWithInterOpRadios(StandardGroupTestCases.java:224)
... Removed 27 stack frames]]>
    </failure>
  </testcase> <!-- validatingStandardGroupOnlyWithInterOpRadios -->
  <testcase name="validatingConfirmMessageOnCreatingStandardGroupAfterClickOnCancel" time="36.227" classname="com.kodiak.qa.testsuites.StandardGroupTestCases">
    <failure type="org.openqa.selenium.ElementNotVisibleException" message="Element is not currently visible and so may not be interacted with
Command duration or timeout: 9 milliseconds
Build info: version: &amp;apos;2.47.1&amp;apos;, revision: &amp;apos;411b314&amp;apos;, time: &amp;apos;2015-07-30 02:56:46&amp;apos;
System info: host: &amp;apos;Admin-PC&amp;apos;, ip: &amp;apos;192.168.2.17&amp;apos;, os.name: &amp;apos;Windows 7&amp;apos;, os.arch: &amp;apos;amd64&amp;apos;, os.version: &amp;apos;6.1&amp;apos;, java.version: &amp;apos;1.8.0_45&amp;apos;
Driver info: org.openqa.selenium.firefox.FirefoxDriver
Capabilities [{applicationCacheEnabled=true, rotatable=false, handlesAlerts=true, databaseEnabled=true, version=41.0, platform=WINDOWS, nativeEvents=false, acceptSslCerts=true, webStorageEnabled=true, locationContextEnabled=true, browserName=firefox, takesScreenshot=true, javascriptEnabled=true, cssSelectorsEnabled=true}]
Session ID: d849cfb6-f325-4307-b470-b46651a7751b">
      <![CDATA[org.openqa.selenium.ElementNotVisibleException: Element is not currently visible and so may not be interacted with
Command duration or timeout: 9 milliseconds
Build info: version: '2.47.1', revision: '411b314', time: '2015-07-30 02:56:46'
System info: host: 'Admin-PC', ip: '192.168.2.17', os.name: 'Windows 7', os.arch: 'amd64', os.version: '6.1', java.version: '1.8.0_45'
Driver info: org.openqa.selenium.firefox.FirefoxDriver
Capabilities [{applicationCacheEnabled=true, rotatable=false, handlesAlerts=true, databaseEnabled=true, version=41.0, platform=WINDOWS, nativeEvents=false, acceptSslCerts=true, webStorageEnabled=true, locationContextEnabled=true, browserName=firefox, takesScreenshot=true, javascriptEnabled=true, cssSelectorsEnabled=true}]
Session ID: d849cfb6-f325-4307-b470-b46651a7751b
	at org.openqa.selenium.remote.ErrorHandler.createThrowable(ErrorHandler.java:206)
	at org.openqa.selenium.remote.ErrorHandler.throwIfResponseFailed(ErrorHandler.java:158)
	at org.openqa.selenium.remote.RemoteWebDriver.execute(RemoteWebDriver.java:595)
	at org.openqa.selenium.remote.RemoteWebElement.execute(RemoteWebElement.java:273)
	at org.openqa.selenium.remote.RemoteWebElement.clear(RemoteWebElement.java:118)
	at com.kodiak.qa.common.WebDriverWrappers.type(WebDriverWrappers.java:136)
	at com.kodiak.qa.test.kodiak.methods.CATCommonMethods.verifyConfirmMessageOnCreatingStandardGroupAfterClickOnCancel(CATCommonMethods.java:18223)
	at com.kodiak.qa.testsuites.StandardGroupTestCases.validatingConfirmMessageOnCreatingStandardGroupAfterClickOnCancel(StandardGroupTestCases.java:234)
Caused by: org.openqa.selenium.ElementNotVisibleException: Element is not currently visible and so may not be interacted with
Build info: version: '2.47.1', revision: '411b314', time: '2015-07-30 02:56:46'
System info: host: 'Admin-PC', ip: '192.168.2.17', os.name: 'Windows 7', os.arch: 'amd64', os.version: '6.1', java.version: '1.8.0_45'
Driver info: driver.version: unknown
	at <anonymous class>.fxdriver.preconditions.visible(file:///C:/Users/Admin/AppData/Local/Temp/anonymous1738828244098125845webdriver-profile/extensions/fxdriver@googlecode.com/components/command-processor.js:9982)
	at <anonymous class>.DelayedCommand.prototype.checkPreconditions_(file:///C:/Users/Admin/AppData/Local/Temp/anonymous1738828244098125845webdriver-profile/extensions/fxdriver@googlecode.com/components/command-processor.js:12626)
	at <anonymous class>.DelayedCommand.prototype.executeInternal_/h(file:///C:/Users/Admin/AppData/Local/Temp/anonymous1738828244098125845webdriver-profile/extensions/fxdriver@googlecode.com/components/command-processor.js:12643)
	at <anonymous class>.DelayedCommand.prototype.executeInternal_(file:///C:/Users/Admin/AppData/Local/Temp/anonymous1738828244098125845webdriver-profile/extensions/fxdriver@googlecode.com/components/command-processor.js:12648)
	at <anonymous class>.DelayedCommand.prototype.execute/<(file:///C:/Users/Admin/AppData/Local/Temp/anonymous1738828244098125845webdriver-profile/extensions/fxdriver@googlecode.com/components/command-processor.js:12590)
... Removed 28 stack frames]]>
    </failure>
  </testcase> <!-- validatingConfirmMessageOnCreatingStandardGroupAfterClickOnCancel -->
  <testcase name="validatingCreatingStandardGroupWiFiAndThirdPartyWithThirdPartyAsSupervisor" time="36.234" classname="com.kodiak.qa.testsuites.StandardGroupTestCases">
    <failure type="org.openqa.selenium.ElementNotVisibleException" message="Element is not currently visible and so may not be interacted with
Command duration or timeout: 10 milliseconds
Build info: version: &amp;apos;2.47.1&amp;apos;, revision: &amp;apos;411b314&amp;apos;, time: &amp;apos;2015-07-30 02:56:46&amp;apos;
System info: host: &amp;apos;Admin-PC&amp;apos;, ip: &amp;apos;192.168.2.17&amp;apos;, os.name: &amp;apos;Windows 7&amp;apos;, os.arch: &amp;apos;amd64&amp;apos;, os.version: &amp;apos;6.1&amp;apos;, java.version: &amp;apos;1.8.0_45&amp;apos;
Driver info: org.openqa.selenium.firefox.FirefoxDriver
Capabilities [{applicationCacheEnabled=true, rotatable=false, handlesAlerts=true, databaseEnabled=true, version=41.0, platform=WINDOWS, nativeEvents=false, acceptSslCerts=true, webStorageEnabled=true, locationContextEnabled=true, browserName=firefox, takesScreenshot=true, javascriptEnabled=true, cssSelectorsEnabled=true}]
Session ID: d849cfb6-f325-4307-b470-b46651a7751b">
      <![CDATA[org.openqa.selenium.ElementNotVisibleException: Element is not currently visible and so may not be interacted with
Command duration or timeout: 10 milliseconds
Build info: version: '2.47.1', revision: '411b314', time: '2015-07-30 02:56:46'
System info: host: 'Admin-PC', ip: '192.168.2.17', os.name: 'Windows 7', os.arch: 'amd64', os.version: '6.1', java.version: '1.8.0_45'
Driver info: org.openqa.selenium.firefox.FirefoxDriver
Capabilities [{applicationCacheEnabled=true, rotatable=false, handlesAlerts=true, databaseEnabled=true, version=41.0, platform=WINDOWS, nativeEvents=false, acceptSslCerts=true, webStorageEnabled=true, locationContextEnabled=true, browserName=firefox, takesScreenshot=true, javascriptEnabled=true, cssSelectorsEnabled=true}]
Session ID: d849cfb6-f325-4307-b470-b46651a7751b
	at org.openqa.selenium.remote.ErrorHandler.createThrowable(ErrorHandler.java:206)
	at org.openqa.selenium.remote.ErrorHandler.throwIfResponseFailed(ErrorHandler.java:158)
	at org.openqa.selenium.remote.RemoteWebDriver.execute(RemoteWebDriver.java:595)
	at org.openqa.selenium.remote.RemoteWebElement.execute(RemoteWebElement.java:273)
	at org.openqa.selenium.remote.RemoteWebElement.clear(RemoteWebElement.java:118)
	at com.kodiak.qa.common.WebDriverWrappers.type(WebDriverWrappers.java:136)
	at com.kodiak.qa.test.kodiak.methods.CATCommonMethods.verifyCreatingStandardGroupWithWiFiAndThirdPartyWithThirdPartyAsSupervisor(CATCommonMethods.java:18326)
	at com.kodiak.qa.testsuites.StandardGroupTestCases.validatingCreatingStandardGroupWiFiAndThirdPartyWithThirdPartyAsSupervisor(StandardGroupTestCases.java:245)
Caused by: org.openqa.selenium.ElementNotVisibleException: Element is not currently visible and so may not be interacted with
Build info: version: '2.47.1', revision: '411b314', time: '2015-07-30 02:56:46'
System info: host: 'Admin-PC', ip: '192.168.2.17', os.name: 'Windows 7', os.arch: 'amd64', os.version: '6.1', java.version: '1.8.0_45'
Driver info: driver.version: unknown
	at <anonymous class>.fxdriver.preconditions.visible(file:///C:/Users/Admin/AppData/Local/Temp/anonymous1738828244098125845webdriver-profile/extensions/fxdriver@googlecode.com/components/command-processor.js:9982)
	at <anonymous class>.DelayedCommand.prototype.checkPreconditions_(file:///C:/Users/Admin/AppData/Local/Temp/anonymous1738828244098125845webdriver-profile/extensions/fxdriver@googlecode.com/components/command-processor.js:12626)
	at <anonymous class>.DelayedCommand.prototype.executeInternal_/h(file:///C:/Users/Admin/AppData/Local/Temp/anonymous1738828244098125845webdriver-profile/extensions/fxdriver@googlecode.com/components/command-processor.js:12643)
	at <anonymous class>.DelayedCommand.prototype.executeInternal_(file:///C:/Users/Admin/AppData/Local/Temp/anonymous1738828244098125845webdriver-profile/extensions/fxdriver@googlecode.com/components/command-processor.js:12648)
	at <anonymous class>.DelayedCommand.prototype.execute/<(file:///C:/Users/Admin/AppData/Local/Temp/anonymous1738828244098125845webdriver-profile/extensions/fxdriver@googlecode.com/components/command-processor.js:12590)
... Removed 27 stack frames]]>
    </failure>
  </testcase> <!-- validatingCreatingStandardGroupWiFiAndThirdPartyWithThirdPartyAsSupervisor -->
  <testcase name="validatingSupervisorRemovedArePresentForIndividualContactsInGroup" time="17.654" classname="com.kodiak.qa.testsuites.StandardGroupTestCases">
    <failure type="org.openqa.selenium.InvalidElementStateException" message="Element is disabled and so may not be used for actions
Command duration or timeout: 11 milliseconds
Build info: version: &amp;apos;2.47.1&amp;apos;, revision: &amp;apos;411b314&amp;apos;, time: &amp;apos;2015-07-30 02:56:46&amp;apos;
System info: host: &amp;apos;Admin-PC&amp;apos;, ip: &amp;apos;192.168.2.17&amp;apos;, os.name: &amp;apos;Windows 7&amp;apos;, os.arch: &amp;apos;amd64&amp;apos;, os.version: &amp;apos;6.1&amp;apos;, java.version: &amp;apos;1.8.0_45&amp;apos;
Driver info: org.openqa.selenium.firefox.FirefoxDriver
Capabilities [{applicationCacheEnabled=true, rotatable=false, handlesAlerts=true, databaseEnabled=true, version=41.0, platform=WINDOWS, nativeEvents=false, acceptSslCerts=true, webStorageEnabled=true, locationContextEnabled=true, browserName=firefox, takesScreenshot=true, javascriptEnabled=true, cssSelectorsEnabled=true}]
Session ID: d849cfb6-f325-4307-b470-b46651a7751b">
      <![CDATA[org.openqa.selenium.InvalidElementStateException: Element is disabled and so may not be used for actions
Command duration or timeout: 11 milliseconds
Build info: version: '2.47.1', revision: '411b314', time: '2015-07-30 02:56:46'
System info: host: 'Admin-PC', ip: '192.168.2.17', os.name: 'Windows 7', os.arch: 'amd64', os.version: '6.1', java.version: '1.8.0_45'
Driver info: org.openqa.selenium.firefox.FirefoxDriver
Capabilities [{applicationCacheEnabled=true, rotatable=false, handlesAlerts=true, databaseEnabled=true, version=41.0, platform=WINDOWS, nativeEvents=false, acceptSslCerts=true, webStorageEnabled=true, locationContextEnabled=true, browserName=firefox, takesScreenshot=true, javascriptEnabled=true, cssSelectorsEnabled=true}]
Session ID: d849cfb6-f325-4307-b470-b46651a7751b
	at org.openqa.selenium.remote.ErrorHandler.createThrowable(ErrorHandler.java:206)
	at org.openqa.selenium.remote.ErrorHandler.throwIfResponseFailed(ErrorHandler.java:158)
	at org.openqa.selenium.remote.RemoteWebDriver.execute(RemoteWebDriver.java:595)
	at org.openqa.selenium.remote.RemoteWebElement.execute(RemoteWebElement.java:273)
	at org.openqa.selenium.remote.RemoteWebElement.clear(RemoteWebElement.java:118)
	at com.kodiak.qa.common.WebDriverWrappers.type(WebDriverWrappers.java:136)
	at com.kodiak.qa.test.kodiak.methods.CATCommonMethods.verifySupervisorRemovedArePresentForIndividualContactsInGroup(CATCommonMethods.java:18489)
	at com.kodiak.qa.testsuites.StandardGroupTestCases.validatingSupervisorRemovedArePresentForIndividualContactsInGroup(StandardGroupTestCases.java:257)
Caused by: org.openqa.selenium.InvalidElementStateException: Element is disabled and so may not be used for actions
Build info: version: '2.47.1', revision: '411b314', time: '2015-07-30 02:56:46'
System info: host: 'Admin-PC', ip: '192.168.2.17', os.name: 'Windows 7', os.arch: 'amd64', os.version: '6.1', java.version: '1.8.0_45'
Driver info: driver.version: unknown
	at <anonymous class>.fxdriver.preconditions.enabled(file:///C:/Users/Admin/AppData/Local/Temp/anonymous1738828244098125845webdriver-profile/extensions/fxdriver@googlecode.com/components/command-processor.js:9988)
	at <anonymous class>.DelayedCommand.prototype.checkPreconditions_(file:///C:/Users/Admin/AppData/Local/Temp/anonymous1738828244098125845webdriver-profile/extensions/fxdriver@googlecode.com/components/command-processor.js:12626)
	at <anonymous class>.DelayedCommand.prototype.executeInternal_/h(file:///C:/Users/Admin/AppData/Local/Temp/anonymous1738828244098125845webdriver-profile/extensions/fxdriver@googlecode.com/components/command-processor.js:12643)
	at <anonymous class>.DelayedCommand.prototype.executeInternal_(file:///C:/Users/Admin/AppData/Local/Temp/anonymous1738828244098125845webdriver-profile/extensions/fxdriver@googlecode.com/components/command-processor.js:12648)
	at <anonymous class>.DelayedCommand.prototype.execute/<(file:///C:/Users/Admin/AppData/Local/Temp/anonymous1738828244098125845webdriver-profile/extensions/fxdriver@googlecode.com/components/command-processor.js:12590)
... Removed 28 stack frames]]>
    </failure>
  </testcase> <!-- validatingSupervisorRemovedArePresentForIndividualContactsInGroup -->
  <testcase name="validatingGroupMemberCountUpdateAfterAddidngAllSubList" time="36.307" classname="com.kodiak.qa.testsuites.StandardGroupTestCases">
    <failure type="org.openqa.selenium.ElementNotVisibleException" message="Element is not currently visible and so may not be interacted with
Command duration or timeout: 9 milliseconds
Build info: version: &amp;apos;2.47.1&amp;apos;, revision: &amp;apos;411b314&amp;apos;, time: &amp;apos;2015-07-30 02:56:46&amp;apos;
System info: host: &amp;apos;Admin-PC&amp;apos;, ip: &amp;apos;192.168.2.17&amp;apos;, os.name: &amp;apos;Windows 7&amp;apos;, os.arch: &amp;apos;amd64&amp;apos;, os.version: &amp;apos;6.1&amp;apos;, java.version: &amp;apos;1.8.0_45&amp;apos;
Driver info: org.openqa.selenium.firefox.FirefoxDriver
Capabilities [{applicationCacheEnabled=true, rotatable=false, handlesAlerts=true, databaseEnabled=true, version=41.0, platform=WINDOWS, nativeEvents=false, acceptSslCerts=true, webStorageEnabled=true, locationContextEnabled=true, browserName=firefox, takesScreenshot=true, javascriptEnabled=true, cssSelectorsEnabled=true}]
Session ID: d849cfb6-f325-4307-b470-b46651a7751b">
      <![CDATA[org.openqa.selenium.ElementNotVisibleException: Element is not currently visible and so may not be interacted with
Command duration or timeout: 9 milliseconds
Build info: version: '2.47.1', revision: '411b314', time: '2015-07-30 02:56:46'
System info: host: 'Admin-PC', ip: '192.168.2.17', os.name: 'Windows 7', os.arch: 'amd64', os.version: '6.1', java.version: '1.8.0_45'
Driver info: org.openqa.selenium.firefox.FirefoxDriver
Capabilities [{applicationCacheEnabled=true, rotatable=false, handlesAlerts=true, databaseEnabled=true, version=41.0, platform=WINDOWS, nativeEvents=false, acceptSslCerts=true, webStorageEnabled=true, locationContextEnabled=true, browserName=firefox, takesScreenshot=true, javascriptEnabled=true, cssSelectorsEnabled=true}]
Session ID: d849cfb6-f325-4307-b470-b46651a7751b
	at org.openqa.selenium.remote.ErrorHandler.createThrowable(ErrorHandler.java:206)
	at org.openqa.selenium.remote.ErrorHandler.throwIfResponseFailed(ErrorHandler.java:158)
	at org.openqa.selenium.remote.RemoteWebDriver.execute(RemoteWebDriver.java:595)
	at org.openqa.selenium.remote.RemoteWebElement.execute(RemoteWebElement.java:273)
	at org.openqa.selenium.remote.RemoteWebElement.clear(RemoteWebElement.java:118)
	at com.kodiak.qa.common.WebDriverWrappers.type(WebDriverWrappers.java:136)
	at com.kodiak.qa.test.kodiak.methods.CATCommonMethods.verifySubListAddition(CATCommonMethods.java:3115)
	at com.kodiak.qa.testsuites.StandardGroupTestCases.validatingGroupMemberCountUpdateAfterAddidngAllSubList(StandardGroupTestCases.java:270)
Caused by: org.openqa.selenium.ElementNotVisibleException: Element is not currently visible and so may not be interacted with
Build info: version: '2.47.1', revision: '411b314', time: '2015-07-30 02:56:46'
System info: host: 'Admin-PC', ip: '192.168.2.17', os.name: 'Windows 7', os.arch: 'amd64', os.version: '6.1', java.version: '1.8.0_45'
Driver info: driver.version: unknown
	at <anonymous class>.fxdriver.preconditions.visible(file:///C:/Users/Admin/AppData/Local/Temp/anonymous1738828244098125845webdriver-profile/extensions/fxdriver@googlecode.com/components/command-processor.js:9982)
	at <anonymous class>.DelayedCommand.prototype.checkPreconditions_(file:///C:/Users/Admin/AppData/Local/Temp/anonymous1738828244098125845webdriver-profile/extensions/fxdriver@googlecode.com/components/command-processor.js:12626)
	at <anonymous class>.DelayedCommand.prototype.executeInternal_/h(file:///C:/Users/Admin/AppData/Local/Temp/anonymous1738828244098125845webdriver-profile/extensions/fxdriver@googlecode.com/components/command-processor.js:12643)
	at <anonymous class>.DelayedCommand.prototype.executeInternal_(file:///C:/Users/Admin/AppData/Local/Temp/anonymous1738828244098125845webdriver-profile/extensions/fxdriver@googlecode.com/components/command-processor.js:12648)
	at <anonymous class>.DelayedCommand.prototype.execute/<(file:///C:/Users/Admin/AppData/Local/Temp/anonymous1738828244098125845webdriver-profile/extensions/fxdriver@googlecode.com/components/command-processor.js:12590)
... Removed 27 stack frames]]>
    </failure>
  </testcase> <!-- validatingGroupMemberCountUpdateAfterAddidngAllSubList -->
  <testcase name="validatingExistingGroupMemberCountAfterAddingSubListWithWiFiWindoDesktopAndThirdParty" time="34.139" classname="com.kodiak.qa.testsuites.StandardGroupTestCases">
    <failure type="org.openqa.selenium.ElementNotVisibleException" message="Element is not currently visible and so may not be interacted with
Command duration or timeout: 8 milliseconds
Build info: version: &amp;apos;2.47.1&amp;apos;, revision: &amp;apos;411b314&amp;apos;, time: &amp;apos;2015-07-30 02:56:46&amp;apos;
System info: host: &amp;apos;Admin-PC&amp;apos;, ip: &amp;apos;192.168.2.17&amp;apos;, os.name: &amp;apos;Windows 7&amp;apos;, os.arch: &amp;apos;amd64&amp;apos;, os.version: &amp;apos;6.1&amp;apos;, java.version: &amp;apos;1.8.0_45&amp;apos;
Driver info: org.openqa.selenium.firefox.FirefoxDriver
Capabilities [{applicationCacheEnabled=true, rotatable=false, handlesAlerts=true, databaseEnabled=true, version=41.0, platform=WINDOWS, nativeEvents=false, acceptSslCerts=true, webStorageEnabled=true, locationContextEnabled=true, browserName=firefox, takesScreenshot=true, javascriptEnabled=true, cssSelectorsEnabled=true}]
Session ID: d849cfb6-f325-4307-b470-b46651a7751b">
      <![CDATA[org.openqa.selenium.ElementNotVisibleException: Element is not currently visible and so may not be interacted with
Command duration or timeout: 8 milliseconds
Build info: version: '2.47.1', revision: '411b314', time: '2015-07-30 02:56:46'
System info: host: 'Admin-PC', ip: '192.168.2.17', os.name: 'Windows 7', os.arch: 'amd64', os.version: '6.1', java.version: '1.8.0_45'
Driver info: org.openqa.selenium.firefox.FirefoxDriver
Capabilities [{applicationCacheEnabled=true, rotatable=false, handlesAlerts=true, databaseEnabled=true, version=41.0, platform=WINDOWS, nativeEvents=false, acceptSslCerts=true, webStorageEnabled=true, locationContextEnabled=true, browserName=firefox, takesScreenshot=true, javascriptEnabled=true, cssSelectorsEnabled=true}]
Session ID: d849cfb6-f325-4307-b470-b46651a7751b
	at org.openqa.selenium.remote.ErrorHandler.createThrowable(ErrorHandler.java:206)
	at org.openqa.selenium.remote.ErrorHandler.throwIfResponseFailed(ErrorHandler.java:158)
	at org.openqa.selenium.remote.RemoteWebDriver.execute(RemoteWebDriver.java:595)
	at org.openqa.selenium.remote.RemoteWebElement.execute(RemoteWebElement.java:273)
	at org.openqa.selenium.remote.RemoteWebElement.clear(RemoteWebElement.java:118)
	at com.kodiak.qa.common.WebDriverWrappers.type(WebDriverWrappers.java:136)
	at com.kodiak.qa.test.kodiak.methods.CATCommonMethods.verifySubListAdditionWithWiFiWindowDesktopAndThirdPartyClients(CATCommonMethods.java:18577)
	at com.kodiak.qa.testsuites.StandardGroupTestCases.validatingExistingGroupMemberCountAfterAddingSubListWithWiFiWindoDesktopAndThirdParty(StandardGroupTestCases.java:286)
Caused by: org.openqa.selenium.ElementNotVisibleException: Element is not currently visible and so may not be interacted with
Build info: version: '2.47.1', revision: '411b314', time: '2015-07-30 02:56:46'
System info: host: 'Admin-PC', ip: '192.168.2.17', os.name: 'Windows 7', os.arch: 'amd64', os.version: '6.1', java.version: '1.8.0_45'
Driver info: driver.version: unknown
	at <anonymous class>.fxdriver.preconditions.visible(file:///C:/Users/Admin/AppData/Local/Temp/anonymous1738828244098125845webdriver-profile/extensions/fxdriver@googlecode.com/components/command-processor.js:9982)
	at <anonymous class>.DelayedCommand.prototype.checkPreconditions_(file:///C:/Users/Admin/AppData/Local/Temp/anonymous1738828244098125845webdriver-profile/extensions/fxdriver@googlecode.com/components/command-processor.js:12626)
	at <anonymous class>.DelayedCommand.prototype.executeInternal_/h(file:///C:/Users/Admin/AppData/Local/Temp/anonymous1738828244098125845webdriver-profile/extensions/fxdriver@googlecode.com/components/command-processor.js:12643)
	at <anonymous class>.DelayedCommand.prototype.executeInternal_(file:///C:/Users/Admin/AppData/Local/Temp/anonymous1738828244098125845webdriver-profile/extensions/fxdriver@googlecode.com/components/command-processor.js:12648)
	at <anonymous class>.DelayedCommand.prototype.execute/<(file:///C:/Users/Admin/AppData/Local/Temp/anonymous1738828244098125845webdriver-profile/extensions/fxdriver@googlecode.com/components/command-processor.js:12590)
... Removed 27 stack frames]]>
    </failure>
  </testcase> <!-- validatingExistingGroupMemberCountAfterAddingSubListWithWiFiWindoDesktopAndThirdParty -->
  <testcase name="validatingExistingGroupWhichContainsOnlySubListMembersAfterDeletingSubListWithWiFiWindowDesktopAndThirdParty" time="54.144" classname="com.kodiak.qa.testsuites.StandardGroupTestCases">
    <failure type="org.openqa.selenium.ElementNotVisibleException" message="Element is not currently visible and so may not be interacted with
Command duration or timeout: 8 milliseconds
Build info: version: &amp;apos;2.47.1&amp;apos;, revision: &amp;apos;411b314&amp;apos;, time: &amp;apos;2015-07-30 02:56:46&amp;apos;
System info: host: &amp;apos;Admin-PC&amp;apos;, ip: &amp;apos;192.168.2.17&amp;apos;, os.name: &amp;apos;Windows 7&amp;apos;, os.arch: &amp;apos;amd64&amp;apos;, os.version: &amp;apos;6.1&amp;apos;, java.version: &amp;apos;1.8.0_45&amp;apos;
Driver info: org.openqa.selenium.firefox.FirefoxDriver
Capabilities [{applicationCacheEnabled=true, rotatable=false, handlesAlerts=true, databaseEnabled=true, version=41.0, platform=WINDOWS, nativeEvents=false, acceptSslCerts=true, webStorageEnabled=true, locationContextEnabled=true, browserName=firefox, takesScreenshot=true, javascriptEnabled=true, cssSelectorsEnabled=true}]
Session ID: d849cfb6-f325-4307-b470-b46651a7751b">
      <![CDATA[org.openqa.selenium.ElementNotVisibleException: Element is not currently visible and so may not be interacted with
Command duration or timeout: 8 milliseconds
Build info: version: '2.47.1', revision: '411b314', time: '2015-07-30 02:56:46'
System info: host: 'Admin-PC', ip: '192.168.2.17', os.name: 'Windows 7', os.arch: 'amd64', os.version: '6.1', java.version: '1.8.0_45'
Driver info: org.openqa.selenium.firefox.FirefoxDriver
Capabilities [{applicationCacheEnabled=true, rotatable=false, handlesAlerts=true, databaseEnabled=true, version=41.0, platform=WINDOWS, nativeEvents=false, acceptSslCerts=true, webStorageEnabled=true, locationContextEnabled=true, browserName=firefox, takesScreenshot=true, javascriptEnabled=true, cssSelectorsEnabled=true}]
Session ID: d849cfb6-f325-4307-b470-b46651a7751b
	at org.openqa.selenium.remote.ErrorHandler.createThrowable(ErrorHandler.java:206)
	at org.openqa.selenium.remote.ErrorHandler.throwIfResponseFailed(ErrorHandler.java:158)
	at org.openqa.selenium.remote.RemoteWebDriver.execute(RemoteWebDriver.java:595)
	at org.openqa.selenium.remote.RemoteWebElement.execute(RemoteWebElement.java:273)
	at org.openqa.selenium.remote.RemoteWebElement.click(RemoteWebElement.java:84)
	at com.kodiak.qa.common.WebDriverWrappers.click(WebDriverWrappers.java:36)
	at com.kodiak.qa.test.kodiak.methods.CATCommonMethods.verifySubListDeletionWithWiFiWindowDesktopAndThirdParty(CATCommonMethods.java:19030)
	at com.kodiak.qa.testsuites.StandardGroupTestCases.validatingExistingGroupWhichContainsOnlySubListMembersAfterDeletingSubListWithWiFiWindowDesktopAndThirdParty(StandardGroupTestCases.java:298)
Caused by: org.openqa.selenium.ElementNotVisibleException: Element is not currently visible and so may not be interacted with
Build info: version: '2.47.1', revision: '411b314', time: '2015-07-30 02:56:46'
System info: host: 'Admin-PC', ip: '192.168.2.17', os.name: 'Windows 7', os.arch: 'amd64', os.version: '6.1', java.version: '1.8.0_45'
Driver info: driver.version: unknown
	at <anonymous class>.fxdriver.preconditions.visible(file:///C:/Users/Admin/AppData/Local/Temp/anonymous1738828244098125845webdriver-profile/extensions/fxdriver@googlecode.com/components/command-processor.js:9982)
	at <anonymous class>.DelayedCommand.prototype.checkPreconditions_(file:///C:/Users/Admin/AppData/Local/Temp/anonymous1738828244098125845webdriver-profile/extensions/fxdriver@googlecode.com/components/command-processor.js:12626)
	at <anonymous class>.DelayedCommand.prototype.executeInternal_/h(file:///C:/Users/Admin/AppData/Local/Temp/anonymous1738828244098125845webdriver-profile/extensions/fxdriver@googlecode.com/components/command-processor.js:12643)
	at <anonymous class>.DelayedCommand.prototype.executeInternal_(file:///C:/Users/Admin/AppData/Local/Temp/anonymous1738828244098125845webdriver-profile/extensions/fxdriver@googlecode.com/components/command-processor.js:12648)
	at <anonymous class>.DelayedCommand.prototype.execute/<(file:///C:/Users/Admin/AppData/Local/Temp/anonymous1738828244098125845webdriver-profile/extensions/fxdriver@googlecode.com/components/command-processor.js:12590)
... Removed 27 stack frames]]>
    </failure>
  </testcase> <!-- validatingExistingGroupWhichContainsOnlySubListMembersAfterDeletingSubListWithWiFiWindowDesktopAndThirdParty -->
  <testcase name="validatingExistingGroupMemberCountAfterDeletionOfOneSubListWhichContainsTwoSubList" time="10.534" classname="com.kodiak.qa.testsuites.StandardGroupTestCases">
    <failure type="org.openqa.selenium.NoSuchElementException" message="Unable to locate element: {&amp;quot;method&amp;quot;:&amp;quot;xpath&amp;quot;,&amp;quot;selector&amp;quot;:&amp;quot;.//*[@id=&amp;apos;grpContactCount2&amp;apos;]&amp;quot;}
Command duration or timeout: 50 milliseconds
For documentation on this error, please visit: http://seleniumhq.org/exceptions/no_such_element.html
Build info: version: &amp;apos;2.47.1&amp;apos;, revision: &amp;apos;411b314&amp;apos;, time: &amp;apos;2015-07-30 02:56:46&amp;apos;
System info: host: &amp;apos;Admin-PC&amp;apos;, ip: &amp;apos;192.168.2.17&amp;apos;, os.name: &amp;apos;Windows 7&amp;apos;, os.arch: &amp;apos;amd64&amp;apos;, os.version: &amp;apos;6.1&amp;apos;, java.version: &amp;apos;1.8.0_45&amp;apos;
Driver info: org.openqa.selenium.firefox.FirefoxDriver
Capabilities [{applicationCacheEnabled=true, rotatable=false, handlesAlerts=true, databaseEnabled=true, version=41.0, platform=WINDOWS, nativeEvents=false, acceptSslCerts=true, webStorageEnabled=true, locationContextEnabled=true, browserName=firefox, takesScreenshot=true, javascriptEnabled=true, cssSelectorsEnabled=true}]
Session ID: d849cfb6-f325-4307-b470-b46651a7751b
*** Element info: {Using=xpath, value=.//*[@id=&amp;apos;grpContactCount2&amp;apos;]}">
      <![CDATA[org.openqa.selenium.NoSuchElementException: Unable to locate element: {"method":"xpath","selector":".//*[@id='grpContactCount2']"}
Command duration or timeout: 50 milliseconds
For documentation on this error, please visit: http://seleniumhq.org/exceptions/no_such_element.html
Build info: version: '2.47.1', revision: '411b314', time: '2015-07-30 02:56:46'
System info: host: 'Admin-PC', ip: '192.168.2.17', os.name: 'Windows 7', os.arch: 'amd64', os.version: '6.1', java.version: '1.8.0_45'
Driver info: org.openqa.selenium.firefox.FirefoxDriver
Capabilities [{applicationCacheEnabled=true, rotatable=false, handlesAlerts=true, databaseEnabled=true, version=41.0, platform=WINDOWS, nativeEvents=false, acceptSslCerts=true, webStorageEnabled=true, locationContextEnabled=true, browserName=firefox, takesScreenshot=true, javascriptEnabled=true, cssSelectorsEnabled=true}]
Session ID: d849cfb6-f325-4307-b470-b46651a7751b
*** Element info: {Using=xpath, value=.//*[@id='grpContactCount2']}
	at org.openqa.selenium.remote.ErrorHandler.createThrowable(ErrorHandler.java:206)
	at org.openqa.selenium.remote.ErrorHandler.throwIfResponseFailed(ErrorHandler.java:158)
	at org.openqa.selenium.remote.RemoteWebDriver.execute(RemoteWebDriver.java:595)
	at org.openqa.selenium.remote.RemoteWebDriver.findElement(RemoteWebDriver.java:348)
	at org.openqa.selenium.remote.RemoteWebDriver.findElementByXPath(RemoteWebDriver.java:445)
	at org.openqa.selenium.By$ByXPath.findElement(By.java:358)
	at org.openqa.selenium.remote.RemoteWebDriver.findElement(RemoteWebDriver.java:340)
	at com.kodiak.qa.common.WebDriverWrappers.getText(WebDriverWrappers.java:160)
	at com.kodiak.qa.test.kodiak.methods.CATCommonMethods.verifyExistingGroupMemberCountAfterDeletionOfOneSubListWhichContainsTwoSubList(CATCommonMethods.java:18910)
	at com.kodiak.qa.testsuites.StandardGroupTestCases.validatingExistingGroupMemberCountAfterDeletionOfOneSubListWhichContainsTwoSubList(StandardGroupTestCases.java:310)
Caused by: org.openqa.selenium.NoSuchElementException: Unable to locate element: {"method":"xpath","selector":".//*[@id='grpContactCount2']"}
For documentation on this error, please visit: http://seleniumhq.org/exceptions/no_such_element.html
Build info: version: '2.47.1', revision: '411b314', time: '2015-07-30 02:56:46'
System info: host: 'Admin-PC', ip: '192.168.2.17', os.name: 'Windows 7', os.arch: 'amd64', os.version: '6.1', java.version: '1.8.0_45'
Driver info: driver.version: unknown
	at <anonymous class>.FirefoxDriver.prototype.findElementInternal_(file:///C:/Users/Admin/AppData/Local/Temp/anonymous1738828244098125845webdriver-profile/extensions/fxdriver@googlecode.com/components/driver-component.js:10667)
	at <anonymous class>.FirefoxDriver.prototype.findElement(file:///C:/Users/Admin/AppData/Local/Temp/anonymous1738828244098125845webdriver-profile/extensions/fxdriver@googlecode.com/components/driver-component.js:10676)
	at <anonymous class>.DelayedCommand.prototype.executeInternal_/h(file:///C:/Users/Admin/AppData/Local/Temp/anonymous1738828244098125845webdriver-profile/extensions/fxdriver@googlecode.com/components/command-processor.js:12643)
	at <anonymous class>.DelayedCommand.prototype.executeInternal_(file:///C:/Users/Admin/AppData/Local/Temp/anonymous1738828244098125845webdriver-profile/extensions/fxdriver@googlecode.com/components/command-processor.js:12648)
	at <anonymous class>.DelayedCommand.prototype.execute/<(file:///C:/Users/Admin/AppData/Local/Temp/anonymous1738828244098125845webdriver-profile/extensions/fxdriver@googlecode.com/components/command-processor.js:12590)
... Removed 27 stack frames]]>
    </failure>
  </testcase> <!-- validatingExistingGroupMemberCountAfterDeletionOfOneSubListWhichContainsTwoSubList -->
  <testcase name="crossCarrier_ValidatingSubListDeletion" time="53.932" classname="com.kodiak.qa.testsuites.StandardGroupTestCases">
    <failure type="org.openqa.selenium.ElementNotVisibleException" message="Element is not currently visible and so may not be interacted with
Command duration or timeout: 8 milliseconds
Build info: version: &amp;apos;2.47.1&amp;apos;, revision: &amp;apos;411b314&amp;apos;, time: &amp;apos;2015-07-30 02:56:46&amp;apos;
System info: host: &amp;apos;Admin-PC&amp;apos;, ip: &amp;apos;192.168.2.17&amp;apos;, os.name: &amp;apos;Windows 7&amp;apos;, os.arch: &amp;apos;amd64&amp;apos;, os.version: &amp;apos;6.1&amp;apos;, java.version: &amp;apos;1.8.0_45&amp;apos;
Driver info: org.openqa.selenium.firefox.FirefoxDriver
Capabilities [{applicationCacheEnabled=true, rotatable=false, handlesAlerts=true, databaseEnabled=true, version=41.0, platform=WINDOWS, nativeEvents=false, acceptSslCerts=true, webStorageEnabled=true, locationContextEnabled=true, browserName=firefox, takesScreenshot=true, javascriptEnabled=true, cssSelectorsEnabled=true}]
Session ID: d849cfb6-f325-4307-b470-b46651a7751b">
      <![CDATA[org.openqa.selenium.ElementNotVisibleException: Element is not currently visible and so may not be interacted with
Command duration or timeout: 8 milliseconds
Build info: version: '2.47.1', revision: '411b314', time: '2015-07-30 02:56:46'
System info: host: 'Admin-PC', ip: '192.168.2.17', os.name: 'Windows 7', os.arch: 'amd64', os.version: '6.1', java.version: '1.8.0_45'
Driver info: org.openqa.selenium.firefox.FirefoxDriver
Capabilities [{applicationCacheEnabled=true, rotatable=false, handlesAlerts=true, databaseEnabled=true, version=41.0, platform=WINDOWS, nativeEvents=false, acceptSslCerts=true, webStorageEnabled=true, locationContextEnabled=true, browserName=firefox, takesScreenshot=true, javascriptEnabled=true, cssSelectorsEnabled=true}]
Session ID: d849cfb6-f325-4307-b470-b46651a7751b
	at org.openqa.selenium.remote.ErrorHandler.createThrowable(ErrorHandler.java:206)
	at org.openqa.selenium.remote.ErrorHandler.throwIfResponseFailed(ErrorHandler.java:158)
	at org.openqa.selenium.remote.RemoteWebDriver.execute(RemoteWebDriver.java:595)
	at org.openqa.selenium.remote.RemoteWebElement.execute(RemoteWebElement.java:273)
	at org.openqa.selenium.remote.RemoteWebElement.click(RemoteWebElement.java:84)
	at com.kodiak.qa.common.WebDriverWrappers.click(WebDriverWrappers.java:36)
	at com.kodiak.qa.test.kodiak.methods.CATCommonMethods.verifySubListDeletion(CATCommonMethods.java:3280)
	at com.kodiak.qa.testsuites.StandardGroupTestCases.crossCarrier_ValidatingSubListDeletion(StandardGroupTestCases.java:324)
Caused by: org.openqa.selenium.ElementNotVisibleException: Element is not currently visible and so may not be interacted with
Build info: version: '2.47.1', revision: '411b314', time: '2015-07-30 02:56:46'
System info: host: 'Admin-PC', ip: '192.168.2.17', os.name: 'Windows 7', os.arch: 'amd64', os.version: '6.1', java.version: '1.8.0_45'
Driver info: driver.version: unknown
	at <anonymous class>.fxdriver.preconditions.visible(file:///C:/Users/Admin/AppData/Local/Temp/anonymous1738828244098125845webdriver-profile/extensions/fxdriver@googlecode.com/components/command-processor.js:9982)
	at <anonymous class>.DelayedCommand.prototype.checkPreconditions_(file:///C:/Users/Admin/AppData/Local/Temp/anonymous1738828244098125845webdriver-profile/extensions/fxdriver@googlecode.com/components/command-processor.js:12626)
	at <anonymous class>.DelayedCommand.prototype.executeInternal_/h(file:///C:/Users/Admin/AppData/Local/Temp/anonymous1738828244098125845webdriver-profile/extensions/fxdriver@googlecode.com/components/command-processor.js:12643)
	at <anonymous class>.DelayedCommand.prototype.executeInternal_(file:///C:/Users/Admin/AppData/Local/Temp/anonymous1738828244098125845webdriver-profile/extensions/fxdriver@googlecode.com/components/command-processor.js:12648)
	at <anonymous class>.DelayedCommand.prototype.execute/<(file:///C:/Users/Admin/AppData/Local/Temp/anonymous1738828244098125845webdriver-profile/extensions/fxdriver@googlecode.com/components/command-processor.js:12590)
... Removed 27 stack frames]]>
    </failure>
  </testcase> <!-- crossCarrier_ValidatingSubListDeletion -->
  <testcase name="validatingCloseBrowser" time="2.419" classname="com.kodiak.qa.testsuites.StandardGroupTestCases"/>
</testsuite> <!-- StandardGroupTestCases -->
