<?xml version="1.0" encoding="UTF-8"?>
<!-- Generated by org.testng.reporters.JUnitXMLReporter -->
<testsuite hostname="admin-PC" name="SuAndSgPhoneNumberValidation" tests="20" failures="1" timestamp="19 Nov 2015 21:35:09 GMT" time="1210.822" errors="0">
  <testcase name="Kodiak_CAT_LaunchingUsingFANId" time="99.457" classname="com.kodiak.qa.testsuites.SuAndSgPhoneNumberValidation"/>
  <testcase name="validatingGatIconOnCatHomePage" time="22.159" classname="com.kodiak.qa.testsuites.SuAndSgPhoneNumberValidation"/>
  <testcase name="validatingSuSgPhoneNumberHelpText" time="16.093" classname="com.kodiak.qa.testsuites.SuAndSgPhoneNumberValidation"/>
  <testcase name="su_validatingSuPhoneNumberWorkAreaUnderSubscriberPhoneBookText" time="38.196" classname="com.kodiak.qa.testsuites.SuAndSgPhoneNumberValidation"/>
  <testcase name="su_validatingGenerateActivationCodeInSuPhoneNumberWorkArea" time="12.059" classname="com.kodiak.qa.testsuites.SuAndSgPhoneNumberValidation"/>
  <testcase name="su_validatingSuPhoneNumberWorkAreaDetails" time="65.465" classname="com.kodiak.qa.testsuites.SuAndSgPhoneNumberValidation"/>
  <testcase name="su_ValidatingSuChangedNameReflectingInMasterList" time="44.106" classname="com.kodiak.qa.testsuites.SuAndSgPhoneNumberValidation"/>
  <testcase name="sg_validatingGenerateActivationCodeInSgPhoneNumberWorkArea" time="48.044" classname="com.kodiak.qa.testsuites.SuAndSgPhoneNumberValidation"/>
  <testcase name="sg_validatingSgPhoneNumberWorkAreaDetails" time="68.474" classname="com.kodiak.qa.testsuites.SuAndSgPhoneNumberValidation"/>
  <testcase name="sg_ValidatingEnableTalkGroupScanning" time="18.423" classname="com.kodiak.qa.testsuites.SuAndSgPhoneNumberValidation">
    <failure type="org.openqa.selenium.NoSuchElementException" message="Unable to locate element: {&amp;quot;method&amp;quot;:&amp;quot;xpath&amp;quot;,&amp;quot;selector&amp;quot;:&amp;quot;.//*[@id=&amp;apos;subscriber_cancel&amp;apos;]/input&amp;quot;}
Command duration or timeout: 31 milliseconds
For documentation on this error, please visit: http://seleniumhq.org/exceptions/no_such_element.html
Build info: version: &amp;apos;2.47.1&amp;apos;, revision: &amp;apos;411b314&amp;apos;, time: &amp;apos;2015-07-30 02:56:46&amp;apos;
System info: host: &amp;apos;admin-PC&amp;apos;, ip: &amp;apos;192.168.0.102&amp;apos;, os.name: &amp;apos;Windows 7&amp;apos;, os.arch: &amp;apos;amd64&amp;apos;, os.version: &amp;apos;6.1&amp;apos;, java.version: &amp;apos;1.8.0_45&amp;apos;
Driver info: org.openqa.selenium.firefox.FirefoxDriver
Capabilities [{applicationCacheEnabled=true, rotatable=false, handlesAlerts=true, databaseEnabled=true, version=31.0, platform=WINDOWS, nativeEvents=true, acceptSslCerts=true, webStorageEnabled=true, locationContextEnabled=true, browserName=firefox, takesScreenshot=true, javascriptEnabled=true, cssSelectorsEnabled=true}]
Session ID: ab6487e8-b982-494f-9056-54548f327fc7
*** Element info: {Using=xpath, value=.//*[@id=&amp;apos;subscriber_cancel&amp;apos;]/input}">
      <![CDATA[org.openqa.selenium.NoSuchElementException: Unable to locate element: {"method":"xpath","selector":".//*[@id='subscriber_cancel']/input"}
Command duration or timeout: 31 milliseconds
For documentation on this error, please visit: http://seleniumhq.org/exceptions/no_such_element.html
Build info: version: '2.47.1', revision: '411b314', time: '2015-07-30 02:56:46'
System info: host: 'admin-PC', ip: '192.168.0.102', os.name: 'Windows 7', os.arch: 'amd64', os.version: '6.1', java.version: '1.8.0_45'
Driver info: org.openqa.selenium.firefox.FirefoxDriver
Capabilities [{applicationCacheEnabled=true, rotatable=false, handlesAlerts=true, databaseEnabled=true, version=31.0, platform=WINDOWS, nativeEvents=true, acceptSslCerts=true, webStorageEnabled=true, locationContextEnabled=true, browserName=firefox, takesScreenshot=true, javascriptEnabled=true, cssSelectorsEnabled=true}]
Session ID: ab6487e8-b982-494f-9056-54548f327fc7
*** Element info: {Using=xpath, value=.//*[@id='subscriber_cancel']/input}
	at org.openqa.selenium.remote.ErrorHandler.createThrowable(ErrorHandler.java:206)
	at org.openqa.selenium.remote.ErrorHandler.throwIfResponseFailed(ErrorHandler.java:158)
	at org.openqa.selenium.remote.RemoteWebDriver.execute(RemoteWebDriver.java:595)
	at org.openqa.selenium.remote.RemoteWebDriver.findElement(RemoteWebDriver.java:348)
	at org.openqa.selenium.remote.RemoteWebDriver.findElementByXPath(RemoteWebDriver.java:445)
	at org.openqa.selenium.By$ByXPath.findElement(By.java:358)
	at org.openqa.selenium.remote.RemoteWebDriver.findElement(RemoteWebDriver.java:340)
	at com.kodiak.qa.common.WebDriverWrappers.click(WebDriverWrappers.java:36)
	at com.kodiak.qa.test.kodiak.methods.CATCommonMethods.sg_verifyEnableTalkGroupScanning(CATCommonMethods.java:13631)
	at com.kodiak.qa.testsuites.SuAndSgPhoneNumberValidation.sg_ValidatingEnableTalkGroupScanning(SuAndSgPhoneNumberValidation.java:141)
Caused by: org.openqa.selenium.NoSuchElementException: Unable to locate element: {"method":"xpath","selector":".//*[@id='subscriber_cancel']/input"}
For documentation on this error, please visit: http://seleniumhq.org/exceptions/no_such_element.html
Build info: version: '2.47.1', revision: '411b314', time: '2015-07-30 02:56:46'
System info: host: 'admin-PC', ip: '192.168.0.102', os.name: 'Windows 7', os.arch: 'amd64', os.version: '6.1', java.version: '1.8.0_45'
Driver info: driver.version: unknown
	at <anonymous class>.FirefoxDriver.prototype.findElementInternal_(file:///C:/Users/admin/AppData/Local/Temp/anonymous3901296691889673927webdriver-profile/extensions/fxdriver@googlecode.com/components/driver-component.js:10667)
	at <anonymous class>.FirefoxDriver.prototype.findElement(file:///C:/Users/admin/AppData/Local/Temp/anonymous3901296691889673927webdriver-profile/extensions/fxdriver@googlecode.com/components/driver-component.js:10676)
	at <anonymous class>.DelayedCommand.prototype.executeInternal_/h(file:///C:/Users/admin/AppData/Local/Temp/anonymous3901296691889673927webdriver-profile/extensions/fxdriver@googlecode.com/components/command-processor.js:12643)
	at <anonymous class>.DelayedCommand.prototype.executeInternal_(file:///C:/Users/admin/AppData/Local/Temp/anonymous3901296691889673927webdriver-profile/extensions/fxdriver@googlecode.com/components/command-processor.js:12648)
	at <anonymous class>.DelayedCommand.prototype.execute/<(file:///C:/Users/admin/AppData/Local/Temp/anonymous3901296691889673927webdriver-profile/extensions/fxdriver@googlecode.com/components/command-processor.js:12590)
... Removed 27 stack frames]]>
    </failure>
  </testcase> <!-- sg_ValidatingEnableTalkGroupScanning -->
  <testcase name="sg_ValidatingSgChangedNameReflectingInMasterList" time="44.067" classname="com.kodiak.qa.testsuites.SuAndSgPhoneNumberValidation"/>
  <testcase name="sg_validatingGroupCountWhenSgIsNotAddedToAnyGroup" time="25.355" classname="com.kodiak.qa.testsuites.SuAndSgPhoneNumberValidation"/>
  <testcase name="sg_VerifyGroupInViewGroupsTab" time="175.462" classname="com.kodiak.qa.testsuites.SuAndSgPhoneNumberValidation"/>
  <testcase name="validatingStandardGroupWithTwoSg" time="124.288" classname="com.kodiak.qa.testsuites.SuAndSgPhoneNumberValidation"/>
  <testcase name="standardGroupWithSgAndNormalMemberAsSupervsior" time="106.593" classname="com.kodiak.qa.testsuites.SuAndSgPhoneNumberValidation"/>
  <testcase name="validatingSgPhoneNumberInAssignDispatcher" time="47.542" classname="com.kodiak.qa.testsuites.SuAndSgPhoneNumberValidation"/>
  <testcase name="validatingSuPhoneNumberInPickIndividualMemberPopup" time="28.235" classname="com.kodiak.qa.testsuites.SuAndSgPhoneNumberValidation"/>
  <testcase name="validatingSubListAdditionWithSuAndSgPhoneNumber" time="100.701" classname="com.kodiak.qa.testsuites.SuAndSgPhoneNumberValidation"/>
  <testcase name="validatingGroupDeletionForContinuation" time="99.735" classname="com.kodiak.qa.testsuites.SuAndSgPhoneNumberValidation"/>
  <testcase name="validatingCloseBrowser" time="2.551" classname="com.kodiak.qa.testsuites.SuAndSgPhoneNumberValidation"/>
</testsuite> <!-- SuAndSgPhoneNumberValidation -->
