<html>
<head>
<title>TestNG:  SuAndSgPhoneNumberValidation</title>
<link href="../testng.css" rel="stylesheet" type="text/css" />
<link href="../my-testng.css" rel="stylesheet" type="text/css" />

<style type="text/css">
.log { display: none;} 
.stack-trace { display: none;} 
</style>
<script type="text/javascript">
<!--
function flip(e) {
  current = e.style.display;
  if (current == 'block') {
    e.style.display = 'none';
    return 0;
  }
  else {
    e.style.display = 'block';
    return 1;
  }
}

function toggleBox(szDivId, elem, msg1, msg2)
{
  var res = -1;  if (document.getElementById) {
    res = flip(document.getElementById(szDivId));
  }
  else if (document.all) {
    // this is the way old msie versions work
    res = flip(document.all[szDivId]);
  }
  if(elem) {
    if(res == 0) elem.innerHTML = msg1; else elem.innerHTML = msg2;
  }

}

function toggleAllBoxes() {
  if (document.getElementsByTagName) {
    d = document.getElementsByTagName('div');
    for (i = 0; i < d.length; i++) {
      if (d[i].className == 'log') {
        flip(d[i]);
      }
    }
  }
}

// -->
</script>

</head>
<body>
<h2 align='center'>SuAndSgPhoneNumberValidation</h2><table border='1' align="center">
<tr>
<td>Tests passed/Failed/Skipped:</td><td>19/1/0</td>
</tr><tr>
<td>Started on:</td><td>Fri Nov 20 02:44:58 IST 2015</td>
</tr>
<tr><td>Total time:</td><td>1210 seconds (1210822 ms)</td>
</tr><tr>
<td>Included groups:</td><td></td>
</tr><tr>
<td>Excluded groups:</td><td></td>
</tr>
</table><p/>
<small><i>(Hover the method name to see the test class name)</i></small><p/>
<table width='100%' border='1' class='invocation-failed'>
<tr><td colspan='4' align='center'><b>FAILED TESTS</b></td></tr>
<tr><td><b>Test method</b></td>
<td width="30%"><b>Exception</b></td>
<td width="10%"><b>Time (seconds)</b></td>
<td><b>Instance</b></td>
</tr>
<tr>
<td title='com.kodiak.qa.testsuites.SuAndSgPhoneNumberValidation.sg_ValidatingEnableTalkGroupScanning()'><b>sg_ValidatingEnableTalkGroupScanning</b><br>Test class: com.kodiak.qa.testsuites.SuAndSgPhoneNumberValidation</td>
<td><div><pre>org.openqa.selenium.NoSuchElementException: Unable to locate element: {&quot;method&quot;:&quot;xpath&quot;,&quot;selector&quot;:&quot;.//*[@id=&apos;subscriber_cancel&apos;]/input&quot;}
Command duration or timeout: 31 milliseconds
For documentation on this error, please visit: http://seleniumhq.org/exceptions/no_such_element.html
Build info: version: &apos;2.47.1&apos;, revision: &apos;411b314&apos;, time: &apos;2015-07-30 02:56:46&apos;
System info: host: &apos;admin-PC&apos;, ip: &apos;192.168.0.102&apos;, os.name: &apos;Windows 7&apos;, os.arch: &apos;amd64&apos;, os.version: &apos;6.1&apos;, java.version: &apos;1.8.0_45&apos;
Driver info: org.openqa.selenium.firefox.FirefoxDriver
Capabilities [{applicationCacheEnabled=true, rotatable=false, handlesAlerts=true, databaseEnabled=true, version=31.0, platform=WINDOWS, nativeEvents=true, acceptSslCerts=true, webStorageEnabled=true, locationContextEnabled=true, browserName=firefox, takesScreenshot=true, javascriptEnabled=true, cssSelectorsEnabled=true}]
Session ID: ab6487e8-b982-494f-9056-54548f327fc7
*** Element info: {Using=xpath, value=.//*[@id=&apos;subscriber_cancel&apos;]/input}
	at org.openqa.selenium.remote.ErrorHandler.createThrowable(ErrorHandler.java:206)
	at org.openqa.selenium.remote.ErrorHandler.throwIfResponseFailed(ErrorHandler.java:158)
	at org.openqa.selenium.remote.RemoteWebDriver.execute(RemoteWebDriver.java:595)
	at org.openqa.selenium.remote.RemoteWebDriver.findElement(RemoteWebDriver.java:348)
	at org.openqa.selenium.remote.RemoteWebDriver.findElementByXPath(RemoteWebDriver.java:445)
	at org.openqa.selenium.By$ByXPath.findElement(By.java:358)
	at org.openqa.selenium.remote.RemoteWebDriver.findElement(RemoteWebDriver.java:340)
	at com.kodiak.qa.common.WebDriverWrappers.click(WebDriverWrappers.java:36)
	at com.kodiak.qa.test.kodiak.methods.CATCommonMethods.sg_verifyEnableTalkGroupScanning(CATCommonMethods.java:13631)
	at com.kodiak.qa.testsuites.SuAndSgPhoneNumberValidation.sg_ValidatingEnableTalkGroupScanning(SuAndSgPhoneNumberValidation.java:141)
Caused by: org.openqa.selenium.NoSuchElementException: Unable to locate element: {&quot;method&quot;:&quot;xpath&quot;,&quot;selector&quot;:&quot;.//*[@id=&apos;subscriber_cancel&apos;]/input&quot;}
For documentation on this error, please visit: http://seleniumhq.org/exceptions/no_such_element.html
Build info: version: &apos;2.47.1&apos;, revision: &apos;411b314&apos;, time: &apos;2015-07-30 02:56:46&apos;
System info: host: &apos;admin-PC&apos;, ip: &apos;192.168.0.102&apos;, os.name: &apos;Windows 7&apos;, os.arch: &apos;amd64&apos;, os.version: &apos;6.1&apos;, java.version: &apos;1.8.0_45&apos;
Driver info: driver.version: unknown
	at &lt;anonymous class&gt;.FirefoxDriver.prototype.findElementInternal_(file:///C:/Users/admin/AppData/Local/Temp/anonymous3901296691889673927webdriver-profile/extensions/fxdriver@googlecode.com/components/driver-component.js:10667)
	at &lt;anonymous class&gt;.FirefoxDriver.prototype.findElement(file:///C:/Users/admin/AppData/Local/Temp/anonymous3901296691889673927webdriver-profile/extensions/fxdriver@googlecode.com/components/driver-component.js:10676)
	at &lt;anonymous class&gt;.DelayedCommand.prototype.executeInternal_/h(file:///C:/Users/admin/AppData/Local/Temp/anonymous3901296691889673927webdriver-profile/extensions/fxdriver@googlecode.com/components/command-processor.js:12643)
	at &lt;anonymous class&gt;.DelayedCommand.prototype.executeInternal_(file:///C:/Users/admin/AppData/Local/Temp/anonymous3901296691889673927webdriver-profile/extensions/fxdriver@googlecode.com/components/command-processor.js:12648)
	at &lt;anonymous class&gt;.DelayedCommand.prototype.execute/&lt;(file:///C:/Users/admin/AppData/Local/Temp/anonymous3901296691889673927webdriver-profile/extensions/fxdriver@googlecode.com/components/command-processor.js:12590)
... Removed 27 stack frames</pre></div><a href='#' onClick='toggleBox("stack-trace191614132", this, "Click to show all stack frames", "Click to hide stack frames")'>Click to show all stack frames</a>
<div class='stack-trace' id='stack-trace191614132'><pre>org.openqa.selenium.NoSuchElementException: Unable to locate element: {&quot;method&quot;:&quot;xpath&quot;,&quot;selector&quot;:&quot;.//*[@id=&apos;subscriber_cancel&apos;]/input&quot;}
Command duration or timeout: 31 milliseconds
For documentation on this error, please visit: http://seleniumhq.org/exceptions/no_such_element.html
Build info: version: &apos;2.47.1&apos;, revision: &apos;411b314&apos;, time: &apos;2015-07-30 02:56:46&apos;
System info: host: &apos;admin-PC&apos;, ip: &apos;192.168.0.102&apos;, os.name: &apos;Windows 7&apos;, os.arch: &apos;amd64&apos;, os.version: &apos;6.1&apos;, java.version: &apos;1.8.0_45&apos;
Driver info: org.openqa.selenium.firefox.FirefoxDriver
Capabilities [{applicationCacheEnabled=true, rotatable=false, handlesAlerts=true, databaseEnabled=true, version=31.0, platform=WINDOWS, nativeEvents=true, acceptSslCerts=true, webStorageEnabled=true, locationContextEnabled=true, browserName=firefox, takesScreenshot=true, javascriptEnabled=true, cssSelectorsEnabled=true}]
Session ID: ab6487e8-b982-494f-9056-54548f327fc7
*** Element info: {Using=xpath, value=.//*[@id=&apos;subscriber_cancel&apos;]/input}
	at sun.reflect.GeneratedConstructorAccessor15.newInstance(Unknown Source)
	at sun.reflect.DelegatingConstructorAccessorImpl.newInstance(Unknown Source)
	at java.lang.reflect.Constructor.newInstance(Unknown Source)
	at org.openqa.selenium.remote.ErrorHandler.createThrowable(ErrorHandler.java:206)
	at org.openqa.selenium.remote.ErrorHandler.throwIfResponseFailed(ErrorHandler.java:158)
	at org.openqa.selenium.remote.RemoteWebDriver.execute(RemoteWebDriver.java:595)
	at org.openqa.selenium.remote.RemoteWebDriver.findElement(RemoteWebDriver.java:348)
	at org.openqa.selenium.remote.RemoteWebDriver.findElementByXPath(RemoteWebDriver.java:445)
	at org.openqa.selenium.By$ByXPath.findElement(By.java:358)
	at org.openqa.selenium.remote.RemoteWebDriver.findElement(RemoteWebDriver.java:340)
	at com.kodiak.qa.common.WebDriverWrappers.click(WebDriverWrappers.java:36)
	at com.kodiak.qa.test.kodiak.methods.CATCommonMethods.sg_verifyEnableTalkGroupScanning(CATCommonMethods.java:13631)
	at com.kodiak.qa.testsuites.SuAndSgPhoneNumberValidation.sg_ValidatingEnableTalkGroupScanning(SuAndSgPhoneNumberValidation.java:141)
	at sun.reflect.NativeMethodAccessorImpl.invoke0(Native Method)
	at sun.reflect.NativeMethodAccessorImpl.invoke(Unknown Source)
	at sun.reflect.DelegatingMethodAccessorImpl.invoke(Unknown Source)
	at java.lang.reflect.Method.invoke(Unknown Source)
	at org.testng.internal.MethodInvocationHelper.invokeMethod(MethodInvocationHelper.java:84)
	at org.testng.internal.Invoker.invokeMethod(Invoker.java:714)
	at org.testng.internal.Invoker.invokeTestMethod(Invoker.java:901)
	at org.testng.internal.Invoker.invokeTestMethods(Invoker.java:1231)
	at org.testng.internal.TestMethodWorker.invokeTestMethods(TestMethodWorker.java:127)
	at org.testng.internal.TestMethodWorker.run(TestMethodWorker.java:111)
	at org.testng.TestRunner.privateRun(TestRunner.java:767)
	at org.testng.TestRunner.run(TestRunner.java:617)
	at org.testng.SuiteRunner.runTest(SuiteRunner.java:334)
	at org.testng.SuiteRunner.runSequentially(SuiteRunner.java:329)
	at org.testng.SuiteRunner.privateRun(SuiteRunner.java:291)
	at org.testng.SuiteRunner.run(SuiteRunner.java:240)
	at org.testng.SuiteRunnerWorker.runSuite(SuiteRunnerWorker.java:52)
	at org.testng.SuiteRunnerWorker.run(SuiteRunnerWorker.java:86)
	at org.testng.TestNG.runSuitesSequentially(TestNG.java:1224)
	at org.testng.TestNG.runSuitesLocally(TestNG.java:1149)
	at org.testng.TestNG.run(TestNG.java:1057)
	at org.testng.remote.RemoteTestNG.run(RemoteTestNG.java:111)
	at org.testng.remote.RemoteTestNG.initAndRun(RemoteTestNG.java:204)
	at org.testng.remote.RemoteTestNG.main(RemoteTestNG.java:175)
Caused by: org.openqa.selenium.NoSuchElementException: Unable to locate element: {&quot;method&quot;:&quot;xpath&quot;,&quot;selector&quot;:&quot;.//*[@id=&apos;subscriber_cancel&apos;]/input&quot;}
For documentation on this error, please visit: http://seleniumhq.org/exceptions/no_such_element.html
Build info: version: &apos;2.47.1&apos;, revision: &apos;411b314&apos;, time: &apos;2015-07-30 02:56:46&apos;
System info: host: &apos;admin-PC&apos;, ip: &apos;192.168.0.102&apos;, os.name: &apos;Windows 7&apos;, os.arch: &apos;amd64&apos;, os.version: &apos;6.1&apos;, java.version: &apos;1.8.0_45&apos;
Driver info: driver.version: unknown
	at &lt;anonymous class&gt;.FirefoxDriver.prototype.findElementInternal_(file:///C:/Users/admin/AppData/Local/Temp/anonymous3901296691889673927webdriver-profile/extensions/fxdriver@googlecode.com/components/driver-component.js:10667)
	at &lt;anonymous class&gt;.FirefoxDriver.prototype.findElement(file:///C:/Users/admin/AppData/Local/Temp/anonymous3901296691889673927webdriver-profile/extensions/fxdriver@googlecode.com/components/driver-component.js:10676)
	at &lt;anonymous class&gt;.DelayedCommand.prototype.executeInternal_/h(file:///C:/Users/admin/AppData/Local/Temp/anonymous3901296691889673927webdriver-profile/extensions/fxdriver@googlecode.com/components/command-processor.js:12643)
	at &lt;anonymous class&gt;.DelayedCommand.prototype.executeInternal_(file:///C:/Users/admin/AppData/Local/Temp/anonymous3901296691889673927webdriver-profile/extensions/fxdriver@googlecode.com/components/command-processor.js:12648)
	at &lt;anonymous class&gt;.DelayedCommand.prototype.execute/&lt;(file:///C:/Users/admin/AppData/Local/Temp/anonymous3901296691889673927webdriver-profile/extensions/fxdriver@googlecode.com/components/command-processor.js:12590)
</pre></div></td>
<td>18</td>
<td>com.kodiak.qa.testsuites.SuAndSgPhoneNumberValidation@61dc03ce</td></tr>
</table><p>
<table width='100%' border='1' class='invocation-passed'>
<tr><td colspan='4' align='center'><b>PASSED TESTS</b></td></tr>
<tr><td><b>Test method</b></td>
<td width="30%"><b>Exception</b></td>
<td width="10%"><b>Time (seconds)</b></td>
<td><b>Instance</b></td>
</tr>
<tr>
<td title='com.kodiak.qa.testsuites.SuAndSgPhoneNumberValidation.Kodiak_CAT_LaunchingUsingFANId()'><b>Kodiak_CAT_LaunchingUsingFANId</b><br>Test class: com.kodiak.qa.testsuites.SuAndSgPhoneNumberValidation</td>
<td></td>
<td>99</td>
<td>com.kodiak.qa.testsuites.SuAndSgPhoneNumberValidation@61dc03ce</td></tr>
<tr>
<td title='com.kodiak.qa.testsuites.SuAndSgPhoneNumberValidation.sg_ValidatingSgChangedNameReflectingInMasterList()'><b>sg_ValidatingSgChangedNameReflectingInMasterList</b><br>Test class: com.kodiak.qa.testsuites.SuAndSgPhoneNumberValidation</td>
<td></td>
<td>44</td>
<td>com.kodiak.qa.testsuites.SuAndSgPhoneNumberValidation@61dc03ce</td></tr>
<tr>
<td title='com.kodiak.qa.testsuites.SuAndSgPhoneNumberValidation.sg_VerifyGroupInViewGroupsTab()'><b>sg_VerifyGroupInViewGroupsTab</b><br>Test class: com.kodiak.qa.testsuites.SuAndSgPhoneNumberValidation</td>
<td></td>
<td>175</td>
<td>com.kodiak.qa.testsuites.SuAndSgPhoneNumberValidation@61dc03ce</td></tr>
<tr>
<td title='com.kodiak.qa.testsuites.SuAndSgPhoneNumberValidation.sg_validatingGenerateActivationCodeInSgPhoneNumberWorkArea()'><b>sg_validatingGenerateActivationCodeInSgPhoneNumberWorkArea</b><br>Test class: com.kodiak.qa.testsuites.SuAndSgPhoneNumberValidation</td>
<td></td>
<td>48</td>
<td>com.kodiak.qa.testsuites.SuAndSgPhoneNumberValidation@61dc03ce</td></tr>
<tr>
<td title='com.kodiak.qa.testsuites.SuAndSgPhoneNumberValidation.sg_validatingGroupCountWhenSgIsNotAddedToAnyGroup()'><b>sg_validatingGroupCountWhenSgIsNotAddedToAnyGroup</b><br>Test class: com.kodiak.qa.testsuites.SuAndSgPhoneNumberValidation</td>
<td></td>
<td>25</td>
<td>com.kodiak.qa.testsuites.SuAndSgPhoneNumberValidation@61dc03ce</td></tr>
<tr>
<td title='com.kodiak.qa.testsuites.SuAndSgPhoneNumberValidation.sg_validatingSgPhoneNumberWorkAreaDetails()'><b>sg_validatingSgPhoneNumberWorkAreaDetails</b><br>Test class: com.kodiak.qa.testsuites.SuAndSgPhoneNumberValidation</td>
<td></td>
<td>68</td>
<td>com.kodiak.qa.testsuites.SuAndSgPhoneNumberValidation@61dc03ce</td></tr>
<tr>
<td title='com.kodiak.qa.testsuites.SuAndSgPhoneNumberValidation.standardGroupWithSgAndNormalMemberAsSupervsior()'><b>standardGroupWithSgAndNormalMemberAsSupervsior</b><br>Test class: com.kodiak.qa.testsuites.SuAndSgPhoneNumberValidation</td>
<td></td>
<td>106</td>
<td>com.kodiak.qa.testsuites.SuAndSgPhoneNumberValidation@61dc03ce</td></tr>
<tr>
<td title='com.kodiak.qa.testsuites.SuAndSgPhoneNumberValidation.su_ValidatingSuChangedNameReflectingInMasterList()'><b>su_ValidatingSuChangedNameReflectingInMasterList</b><br>Test class: com.kodiak.qa.testsuites.SuAndSgPhoneNumberValidation</td>
<td></td>
<td>44</td>
<td>com.kodiak.qa.testsuites.SuAndSgPhoneNumberValidation@61dc03ce</td></tr>
<tr>
<td title='com.kodiak.qa.testsuites.SuAndSgPhoneNumberValidation.su_validatingGenerateActivationCodeInSuPhoneNumberWorkArea()'><b>su_validatingGenerateActivationCodeInSuPhoneNumberWorkArea</b><br>Test class: com.kodiak.qa.testsuites.SuAndSgPhoneNumberValidation</td>
<td></td>
<td>12</td>
<td>com.kodiak.qa.testsuites.SuAndSgPhoneNumberValidation@61dc03ce</td></tr>
<tr>
<td title='com.kodiak.qa.testsuites.SuAndSgPhoneNumberValidation.su_validatingSuPhoneNumberWorkAreaDetails()'><b>su_validatingSuPhoneNumberWorkAreaDetails</b><br>Test class: com.kodiak.qa.testsuites.SuAndSgPhoneNumberValidation</td>
<td></td>
<td>65</td>
<td>com.kodiak.qa.testsuites.SuAndSgPhoneNumberValidation@61dc03ce</td></tr>
<tr>
<td title='com.kodiak.qa.testsuites.SuAndSgPhoneNumberValidation.su_validatingSuPhoneNumberWorkAreaUnderSubscriberPhoneBookText()'><b>su_validatingSuPhoneNumberWorkAreaUnderSubscriberPhoneBookText</b><br>Test class: com.kodiak.qa.testsuites.SuAndSgPhoneNumberValidation</td>
<td></td>
<td>38</td>
<td>com.kodiak.qa.testsuites.SuAndSgPhoneNumberValidation@61dc03ce</td></tr>
<tr>
<td title='com.kodiak.qa.testsuites.SuAndSgPhoneNumberValidation.validatingCloseBrowser()'><b>validatingCloseBrowser</b><br>Test class: com.kodiak.qa.testsuites.SuAndSgPhoneNumberValidation</td>
<td></td>
<td>2</td>
<td>com.kodiak.qa.testsuites.SuAndSgPhoneNumberValidation@61dc03ce</td></tr>
<tr>
<td title='com.kodiak.qa.testsuites.SuAndSgPhoneNumberValidation.validatingGatIconOnCatHomePage()'><b>validatingGatIconOnCatHomePage</b><br>Test class: com.kodiak.qa.testsuites.SuAndSgPhoneNumberValidation</td>
<td></td>
<td>22</td>
<td>com.kodiak.qa.testsuites.SuAndSgPhoneNumberValidation@61dc03ce</td></tr>
<tr>
<td title='com.kodiak.qa.testsuites.SuAndSgPhoneNumberValidation.validatingGroupDeletionForContinuation()'><b>validatingGroupDeletionForContinuation</b><br>Test class: com.kodiak.qa.testsuites.SuAndSgPhoneNumberValidation</td>
<td></td>
<td>99</td>
<td>com.kodiak.qa.testsuites.SuAndSgPhoneNumberValidation@61dc03ce</td></tr>
<tr>
<td title='com.kodiak.qa.testsuites.SuAndSgPhoneNumberValidation.validatingSgPhoneNumberInAssignDispatcher()'><b>validatingSgPhoneNumberInAssignDispatcher</b><br>Test class: com.kodiak.qa.testsuites.SuAndSgPhoneNumberValidation</td>
<td></td>
<td>47</td>
<td>com.kodiak.qa.testsuites.SuAndSgPhoneNumberValidation@61dc03ce</td></tr>
<tr>
<td title='com.kodiak.qa.testsuites.SuAndSgPhoneNumberValidation.validatingStandardGroupWithTwoSg()'><b>validatingStandardGroupWithTwoSg</b><br>Test class: com.kodiak.qa.testsuites.SuAndSgPhoneNumberValidation</td>
<td></td>
<td>124</td>
<td>com.kodiak.qa.testsuites.SuAndSgPhoneNumberValidation@61dc03ce</td></tr>
<tr>
<td title='com.kodiak.qa.testsuites.SuAndSgPhoneNumberValidation.validatingSuPhoneNumberInPickIndividualMemberPopup()'><b>validatingSuPhoneNumberInPickIndividualMemberPopup</b><br>Test class: com.kodiak.qa.testsuites.SuAndSgPhoneNumberValidation</td>
<td></td>
<td>28</td>
<td>com.kodiak.qa.testsuites.SuAndSgPhoneNumberValidation@61dc03ce</td></tr>
<tr>
<td title='com.kodiak.qa.testsuites.SuAndSgPhoneNumberValidation.validatingSuSgPhoneNumberHelpText()'><b>validatingSuSgPhoneNumberHelpText</b><br>Test class: com.kodiak.qa.testsuites.SuAndSgPhoneNumberValidation</td>
<td></td>
<td>16</td>
<td>com.kodiak.qa.testsuites.SuAndSgPhoneNumberValidation@61dc03ce</td></tr>
<tr>
<td title='com.kodiak.qa.testsuites.SuAndSgPhoneNumberValidation.validatingSubListAdditionWithSuAndSgPhoneNumber()'><b>validatingSubListAdditionWithSuAndSgPhoneNumber</b><br>Test class: com.kodiak.qa.testsuites.SuAndSgPhoneNumberValidation</td>
<td></td>
<td>100</td>
<td>com.kodiak.qa.testsuites.SuAndSgPhoneNumberValidation@61dc03ce</td></tr>
</table><p>
</body>
</html>