<?xml version="1.0" encoding="UTF-8"?>
<!-- Generated by org.testng.reporters.JUnitReportReporter -->
<testsuite hostname="admin-PC" name="com.kodiak.qa.testsuites.SuAndSgPhoneNumberValidation" tests="22" failures="1" timestamp="20 Nov 2015 07:03:58 GMT" time="1398.219" errors="0">
  <testcase name="su_validatingSuPhoneNumberWorkAreaUnderSubscriberPhoneBookText" time="38.170" classname="com.kodiak.qa.testsuites.SuAndSgPhoneNumberValidation"/>
  <testcase name="validatingGroupDeletionForContinuation" time="99.676" classname="com.kodiak.qa.testsuites.SuAndSgPhoneNumberValidation"/>
  <testcase name="validatingSuPhoneNumberInPickIndividualMemberPopup" time="28.333" classname="com.kodiak.qa.testsuites.SuAndSgPhoneNumberValidation"/>
  <testcase name="sg_validatingGroupCountWhenSgIsNotAddedToAnyGroup" time="25.369" classname="com.kodiak.qa.testsuites.SuAndSgPhoneNumberValidation"/>
  <testcase name="su_validatingSuPhoneNumberWorkAreaDetails" time="65.573" classname="com.kodiak.qa.testsuites.SuAndSgPhoneNumberValidation"/>
  <testcase name="standardGroupWithSgAndNormalMemberAsSupervsior" time="106.900" classname="com.kodiak.qa.testsuites.SuAndSgPhoneNumberValidation"/>
  <testcase name="validatingCloseBrowser" time="2.729" classname="com.kodiak.qa.testsuites.SuAndSgPhoneNumberValidation"/>
  <testcase name="su_validatingGenerateActivationCodeInSuPhoneNumberWorkArea" time="12.079" classname="com.kodiak.qa.testsuites.SuAndSgPhoneNumberValidation"/>
  <testcase name="validatingGenerateActivationCodeWithSuAndOtherMember" time="112.538" classname="com.kodiak.qa.testsuites.SuAndSgPhoneNumberValidation"/>
  <testcase name="validatingGatIconOnCatHomePage" time="22.202" classname="com.kodiak.qa.testsuites.SuAndSgPhoneNumberValidation"/>
  <testcase name="sg_ValidatingSgChangedNameReflectingInMasterList" time="43.976" classname="com.kodiak.qa.testsuites.SuAndSgPhoneNumberValidation"/>
  <testcase name="sg_ValidatingEnableTalkGroupScanning" time="18.443" classname="com.kodiak.qa.testsuites.SuAndSgPhoneNumberValidation">
    <failure type="org.openqa.selenium.NoSuchElementException" message="Unable to locate element: {&quot;method&quot;:&quot;xpath&quot;,&quot;selector&quot;:&quot;.//*[@id=&#039;subscriber_cancel&#039;]/input&quot;}
Command duration or timeout: 33 milliseconds
For documentation on this error, please visit: http://seleniumhq.org/exceptions/no_such_element.html
Build info: version: &#039;2.47.1&#039;, revision: &#039;411b314&#039;, time: &#039;2015-07-30 02:56:46&#039;
System info: host: &#039;admin-PC&#039;, ip: &#039;192.168.1.31&#039;, os.name: &#039;Windows 7&#039;, os.arch: &#039;amd64&#039;, os.version: &#039;6.1&#039;, java.version: &#039;1.8.0_45&#039;
Driver info: org.openqa.selenium.firefox.FirefoxDriver
Capabilities [{applicationCacheEnabled=true, rotatable=false, handlesAlerts=true, databaseEnabled=true, version=31.0, platform=WINDOWS, nativeEvents=true, acceptSslCerts=true, webStorageEnabled=true, locationContextEnabled=true, browserName=firefox, takesScreenshot=true, javascriptEnabled=true, cssSelectorsEnabled=true}]
Session ID: 10d149c9-3ae7-480e-a5b8-c7b28a3697b7
*** Element info: {Using=xpath, value=.//*[@id=&#039;subscriber_cancel&#039;]/input}">
      <![CDATA[org.openqa.selenium.NoSuchElementException: Unable to locate element: {"method":"xpath","selector":".//*[@id='subscriber_cancel']/input"}
Command duration or timeout: 33 milliseconds
For documentation on this error, please visit: http://seleniumhq.org/exceptions/no_such_element.html
Build info: version: '2.47.1', revision: '411b314', time: '2015-07-30 02:56:46'
System info: host: 'admin-PC', ip: '192.168.1.31', os.name: 'Windows 7', os.arch: 'amd64', os.version: '6.1', java.version: '1.8.0_45'
Driver info: org.openqa.selenium.firefox.FirefoxDriver
Capabilities [{applicationCacheEnabled=true, rotatable=false, handlesAlerts=true, databaseEnabled=true, version=31.0, platform=WINDOWS, nativeEvents=true, acceptSslCerts=true, webStorageEnabled=true, locationContextEnabled=true, browserName=firefox, takesScreenshot=true, javascriptEnabled=true, cssSelectorsEnabled=true}]
Session ID: 10d149c9-3ae7-480e-a5b8-c7b28a3697b7
*** Element info: {Using=xpath, value=.//*[@id='subscriber_cancel']/input}
	at sun.reflect.GeneratedConstructorAccessor11.newInstance(Unknown Source)
	at sun.reflect.DelegatingConstructorAccessorImpl.newInstance(Unknown Source)
	at java.lang.reflect.Constructor.newInstance(Unknown Source)
	at org.openqa.selenium.remote.ErrorHandler.createThrowable(ErrorHandler.java:206)
	at org.openqa.selenium.remote.ErrorHandler.throwIfResponseFailed(ErrorHandler.java:158)
	at org.openqa.selenium.remote.RemoteWebDriver.execute(RemoteWebDriver.java:595)
	at org.openqa.selenium.remote.RemoteWebDriver.findElement(RemoteWebDriver.java:348)
	at org.openqa.selenium.remote.RemoteWebDriver.findElementByXPath(RemoteWebDriver.java:445)
	at org.openqa.selenium.By$ByXPath.findElement(By.java:358)
	at org.openqa.selenium.remote.RemoteWebDriver.findElement(RemoteWebDriver.java:340)
	at com.kodiak.qa.common.WebDriverWrappers.click(WebDriverWrappers.java:36)
	at com.kodiak.qa.test.kodiak.methods.CATCommonMethods.sg_verifyEnableTalkGroupScanning(CATCommonMethods.java:13631)
	at com.kodiak.qa.testsuites.SuAndSgPhoneNumberValidation.sg_ValidatingEnableTalkGroupScanning(SuAndSgPhoneNumberValidation.java:141)
	at sun.reflect.NativeMethodAccessorImpl.invoke0(Native Method)
	at sun.reflect.NativeMethodAccessorImpl.invoke(Unknown Source)
	at sun.reflect.DelegatingMethodAccessorImpl.invoke(Unknown Source)
	at java.lang.reflect.Method.invoke(Unknown Source)
	at org.testng.internal.MethodInvocationHelper.invokeMethod(MethodInvocationHelper.java:84)
	at org.testng.internal.Invoker.invokeMethod(Invoker.java:714)
	at org.testng.internal.Invoker.invokeTestMethod(Invoker.java:901)
	at org.testng.internal.Invoker.invokeTestMethods(Invoker.java:1231)
	at org.testng.internal.TestMethodWorker.invokeTestMethods(TestMethodWorker.java:127)
	at org.testng.internal.TestMethodWorker.run(TestMethodWorker.java:111)
	at org.testng.TestRunner.privateRun(TestRunner.java:767)
	at org.testng.TestRunner.run(TestRunner.java:617)
	at org.testng.SuiteRunner.runTest(SuiteRunner.java:334)
	at org.testng.SuiteRunner.runSequentially(SuiteRunner.java:329)
	at org.testng.SuiteRunner.privateRun(SuiteRunner.java:291)
	at org.testng.SuiteRunner.run(SuiteRunner.java:240)
	at org.testng.SuiteRunnerWorker.runSuite(SuiteRunnerWorker.java:52)
	at org.testng.SuiteRunnerWorker.run(SuiteRunnerWorker.java:86)
	at org.testng.TestNG.runSuitesSequentially(TestNG.java:1224)
	at org.testng.TestNG.runSuitesLocally(TestNG.java:1149)
	at org.testng.TestNG.run(TestNG.java:1057)
	at org.testng.remote.RemoteTestNG.run(RemoteTestNG.java:111)
	at org.testng.remote.RemoteTestNG.initAndRun(RemoteTestNG.java:204)
	at org.testng.remote.RemoteTestNG.main(RemoteTestNG.java:175)
Caused by: org.openqa.selenium.NoSuchElementException: Unable to locate element: {"method":"xpath","selector":".//*[@id='subscriber_cancel']/input"}
For documentation on this error, please visit: http://seleniumhq.org/exceptions/no_such_element.html
Build info: version: '2.47.1', revision: '411b314', time: '2015-07-30 02:56:46'
System info: host: 'admin-PC', ip: '192.168.1.31', os.name: 'Windows 7', os.arch: 'amd64', os.version: '6.1', java.version: '1.8.0_45'
Driver info: driver.version: unknown
	at <anonymous class>.FirefoxDriver.prototype.findElementInternal_(file:///C:/Users/admin/AppData/Local/Temp/anonymous6724583086289580153webdriver-profile/extensions/fxdriver@googlecode.com/components/driver-component.js:10667)
	at <anonymous class>.FirefoxDriver.prototype.findElement(file:///C:/Users/admin/AppData/Local/Temp/anonymous6724583086289580153webdriver-profile/extensions/fxdriver@googlecode.com/components/driver-component.js:10676)
	at <anonymous class>.DelayedCommand.prototype.executeInternal_/h(file:///C:/Users/admin/AppData/Local/Temp/anonymous6724583086289580153webdriver-profile/extensions/fxdriver@googlecode.com/components/command-processor.js:12643)
	at <anonymous class>.DelayedCommand.prototype.executeInternal_(file:///C:/Users/admin/AppData/Local/Temp/anonymous6724583086289580153webdriver-profile/extensions/fxdriver@googlecode.com/components/command-processor.js:12648)
	at <anonymous class>.DelayedCommand.prototype.execute/<(file:///C:/Users/admin/AppData/Local/Temp/anonymous6724583086289580153webdriver-profile/extensions/fxdriver@googlecode.com/components/command-processor.js:12590)
]]>
    </failure>
  </testcase> <!-- sg_ValidatingEnableTalkGroupScanning -->
  <testcase name="su_ValidatingSuChangedNameReflectingInMasterList" time="44.041" classname="com.kodiak.qa.testsuites.SuAndSgPhoneNumberValidation"/>
  <testcase name="validatingStandardGroupWithTwoSg" time="124.532" classname="com.kodiak.qa.testsuites.SuAndSgPhoneNumberValidation"/>
  <testcase name="sg_VerifyGroupInViewGroupsTab" time="175.151" classname="com.kodiak.qa.testsuites.SuAndSgPhoneNumberValidation"/>
  <testcase name="Kodiak_CAT_LaunchingUsingFANId" time="99.358" classname="com.kodiak.qa.testsuites.SuAndSgPhoneNumberValidation"/>
  <testcase name="sg_validatingSgPhoneNumberWorkAreaDetails" time="68.892" classname="com.kodiak.qa.testsuites.SuAndSgPhoneNumberValidation"/>
  <testcase name="validatingSuSgPhoneNumberHelpText" time="16.110" classname="com.kodiak.qa.testsuites.SuAndSgPhoneNumberValidation"/>
  <testcase name="validatingGenerateActivationCodeWithSgAndOtherMember" time="97.572" classname="com.kodiak.qa.testsuites.SuAndSgPhoneNumberValidation"/>
  <testcase name="sg_validatingGenerateActivationCodeInSgPhoneNumberWorkArea" time="48.100" classname="com.kodiak.qa.testsuites.SuAndSgPhoneNumberValidation"/>
  <testcase name="validatingSgPhoneNumberInAssignDispatcher" time="47.500" classname="com.kodiak.qa.testsuites.SuAndSgPhoneNumberValidation"/>
  <testcase name="validatingSubListAdditionWithSuAndSgPhoneNumber" time="100.975" classname="com.kodiak.qa.testsuites.SuAndSgPhoneNumberValidation"/>
</testsuite> <!-- com.kodiak.qa.testsuites.SuAndSgPhoneNumberValidation -->
